<?xml version="1.0" encoding="UTF-8"?>
<robot generator="Robot 5.0.1 (Python 3.9.13 on win32)" generated="20221202 18:46:55.291" rpa="true" schemaversion="3">
<suite id="s1" name="Tasks" source="d:\ROBOCORP\certificacion-2\tasks.robot">
<test id="s1-t1" name="Order robots from RobotSpareBin Industries Inc" line="19">
<kw name="Open the robot order website">
<kw name="Get Secret" library="RPA.Robocorp.Vault">
<var>${url}</var>
<arg>orders</arg>
<doc>Read a secret from the configured source, e.g. Robocorp Vault,
and return it as a ``Secret`` object.</doc>
<msg timestamp="20221202 18:47:00.524" level="INFO">Protecting keyword: RPA.Robocorp.Vault.Get Secret</msg>
<msg timestamp="20221202 18:47:03.585" level="INFO">Log level changed from NONE to INFO.</msg>
<status status="PASS" starttime="20221202 18:47:00.524" endtime="20221202 18:47:03.584"/>
</kw>
<kw name="Open Available Browser" library="RPA.Browser.Selenium">
<arg>${url}[url]</arg>
<doc>Attempts to open a browser on the user's device from a set of
supported browsers. Automatically downloads a corresponding webdriver
if none is already installed.</doc>
<msg timestamp="20221202 18:47:03.587" level="INFO">Creating an instance of the Chrome WebDriver.</msg>
<msg timestamp="20221202 18:47:05.247" level="INFO">Created Chrome browser with arguments: --disable-dev-shm-usage --disable-web-security --allow-running-insecure-content --no-sandbox</msg>
<msg timestamp="20221202 18:47:05.247" level="INFO" html="true">&lt;p&gt;Attempted combinations:&lt;/p&gt;&lt;div class="doc"&gt;&lt;table&gt;&lt;tr&gt;&lt;th&gt;Browser&lt;/th&gt;&lt;th&gt;Download&lt;/th&gt;&lt;th&gt;Error&lt;/th&gt;&lt;/tr&gt;&lt;tr&gt;&lt;td&gt;Chrome&lt;/td&gt;&lt;td&gt;False&lt;/td&gt;&lt;td&gt;&lt;/td&gt;&lt;/tr&gt;&lt;/table&gt;&lt;/div&gt;</msg>
<msg timestamp="20221202 18:47:05.247" level="INFO">Opening url 'https://robotsparebinindustries.com/#/robot-order'</msg>
<status status="PASS" starttime="20221202 18:47:03.586" endtime="20221202 18:47:05.816"/>
</kw>
<status status="PASS" starttime="20221202 18:47:00.522" endtime="20221202 18:47:05.817"/>
</kw>
<kw name="Get Orders">
<var>${orders}</var>
<kw name="Add text input" library="RPA.Dialogs">
<arg>csv</arg>
<arg>label=Search query</arg>
<tag>input</tag>
<doc>Add a text input element</doc>
<status status="PASS" starttime="20221202 18:47:05.820" endtime="20221202 18:47:05.821"/>
</kw>
<kw name="Run dialog" library="RPA.Dialogs">
<var>${response}</var>
<tag>dialog</tag>
<doc>Create a dialog from all the defined elements and block
until the user has handled it.</doc>
<msg timestamp="20221202 18:47:05.822" level="INFO">Protecting keyword: RPA.Dialogs.Run dialog</msg>
<msg timestamp="20221202 18:47:10.881" level="INFO">Log level changed from NONE to INFO.</msg>
<status status="PASS" starttime="20221202 18:47:05.821" endtime="20221202 18:47:10.880"/>
</kw>
<kw name="Download" library="RPA.HTTP">
<arg>${response.csv}</arg>
<arg>overwrite=True</arg>
<doc>An alias for the ``HTTP Get`` keyword.</doc>
<msg timestamp="20221202 18:47:10.884" level="INFO">Creating a new HTTP session</msg>
<msg timestamp="20221202 18:47:10.884" level="INFO">Creating Session using : alias=rpasession_alias.httpsrobotsparebinindustries.com, url=https://robotsparebinindustries.com, headers={},                     cookies={}, auth=None, timeout=None, proxies=None, verify=True,                     debug=0 </msg>
<status status="PASS" starttime="20221202 18:47:10.882" endtime="20221202 18:47:11.521"/>
</kw>
<kw name="Read table from CSV" library="RPA.Tables">
<var>${orders}</var>
<arg>orders.csv</arg>
<arg>header=True</arg>
<doc>Read a CSV file as a table.</doc>
<msg timestamp="20221202 18:47:11.528" level="INFO">${orders} = Table(columns=['Order number', 'Head', 'Body', 'Legs', 'Address'], rows=20)</msg>
<status status="PASS" starttime="20221202 18:47:11.521" endtime="20221202 18:47:11.529"/>
</kw>
<return>
<value>${orders}</value>
<status status="PASS" starttime="20221202 18:47:11.529" endtime="20221202 18:47:11.530"/>
</return>
<msg timestamp="20221202 18:47:11.531" level="INFO">${orders} = Table(columns=['Order number', 'Head', 'Body', 'Legs', 'Address'], rows=20)</msg>
<status status="PASS" starttime="20221202 18:47:05.818" endtime="20221202 18:47:11.531"/>
</kw>
<for flavor="IN">
<var>${row}</var>
<value>@{orders}</value>
<iter>
<var name="${row}">{'Order number': '1', 'Head': '1', 'Body': '2', 'Legs': '3', 'Address': 'Address 123'}</var>
<kw name="Close the annoying modal">
<kw name="Click Button" library="RPA.Browser.Selenium">
<arg>css:.btn-dark</arg>
<doc>Clicks the button identified by ``locator``.</doc>
<msg timestamp="20221202 18:47:11.536" level="INFO">Clicking button 'css:.btn-dark'.</msg>
<status status="PASS" starttime="20221202 18:47:11.535" endtime="20221202 18:47:11.569"/>
</kw>
<status status="PASS" starttime="20221202 18:47:11.534" endtime="20221202 18:47:11.570"/>
</kw>
<kw name="Fill the form">
<arg>${row}</arg>
<kw name="Select From List By Value" library="RPA.Browser.Selenium">
<arg>head</arg>
<arg>${order}[Head]</arg>
<doc>Selects options from selection list ``locator`` by ``values``.</doc>
<msg timestamp="20221202 18:47:11.573" level="INFO">Selecting options from selection list 'head' by value 1.</msg>
<status status="PASS" starttime="20221202 18:47:11.572" endtime="20221202 18:47:11.609"/>
</kw>
<kw name="Select Radio Button" library="RPA.Browser.Selenium">
<arg>body</arg>
<arg>${order}[Body]</arg>
<doc>Sets the radio button group ``group_name`` to ``value``.</doc>
<msg timestamp="20221202 18:47:11.612" level="INFO">Selecting '2' from radio button 'body'.</msg>
<status status="PASS" starttime="20221202 18:47:11.611" endtime="20221202 18:47:11.641"/>
</kw>
<kw name="Input Text" library="RPA.Browser.Selenium">
<arg>xpath://html/body/div/div/div[1]/div/div[1]/form/div[3]/input</arg>
<arg>${order}[Legs]</arg>
<doc>Types the given ``text`` into the text field identified by ``locator``.</doc>
<msg timestamp="20221202 18:47:11.643" level="INFO">Typing text '3' into text field 'xpath://html/body/div/div/div[1]/div/div[1]/form/div[3]/input'.</msg>
<status status="PASS" starttime="20221202 18:47:11.642" endtime="20221202 18:47:11.683"/>
</kw>
<kw name="Input Text" library="RPA.Browser.Selenium">
<arg>address</arg>
<arg>${order}[Address]</arg>
<doc>Types the given ``text`` into the text field identified by ``locator``.</doc>
<msg timestamp="20221202 18:47:11.684" level="INFO">Typing text 'Address 123' into text field 'address'.</msg>
<status status="PASS" starttime="20221202 18:47:11.683" endtime="20221202 18:47:11.735"/>
</kw>
<status status="PASS" starttime="20221202 18:47:11.570" endtime="20221202 18:47:11.736"/>
</kw>
<kw name="Preview the robot">
<kw name="Click Button" library="RPA.Browser.Selenium">
<arg>preview</arg>
<doc>Clicks the button identified by ``locator``.</doc>
<msg timestamp="20221202 18:47:11.738" level="INFO">Clicking button 'preview'.</msg>
<status status="PASS" starttime="20221202 18:47:11.737" endtime="20221202 18:47:11.774"/>
</kw>
<status status="PASS" starttime="20221202 18:47:11.736" endtime="20221202 18:47:11.775"/>
</kw>
<kw name="Submit the order">
<kw name="Click Button" library="RPA.Browser.Selenium">
<arg>id:order</arg>
<doc>Clicks the button identified by ``locator``.</doc>
<msg timestamp="20221202 18:47:11.777" level="INFO">Clicking button 'id:order'.</msg>
<status status="PASS" starttime="20221202 18:47:11.776" endtime="20221202 18:47:11.815"/>
</kw>
<kw name="Does Page Contain Element" library="RPA.Browser.Selenium">
<var>${alert}</var>
<arg>css:.alert-danger</arg>
<doc>Does page contain expected element</doc>
<msg timestamp="20221202 18:47:11.827" level="INFO" html="true">Ran with keyword &lt;b&gt;Page Should Contain Element&lt;/b&gt; which returned error: &lt;i&gt;Page should have contained element 'css:.alert-danger' but did not.&lt;/i&gt;</msg>
<msg timestamp="20221202 18:47:11.827" level="INFO">${alert} = False</msg>
<status status="PASS" starttime="20221202 18:47:11.816" endtime="20221202 18:47:11.828"/>
</kw>
<while condition="${alert}">
<iter>
<kw name="Click Button" library="RPA.Browser.Selenium">
<arg>id:order</arg>
<doc>Clicks the button identified by ``locator``.</doc>
<status status="NOT RUN" starttime="20221202 18:47:11.829" endtime="20221202 18:47:11.830"/>
</kw>
<kw name="Does Page Contain Element" library="RPA.Browser.Selenium">
<var>${alert}</var>
<arg>css:.alert-danger</arg>
<doc>Does page contain expected element</doc>
<status status="NOT RUN" starttime="20221202 18:47:11.830" endtime="20221202 18:47:11.831"/>
</kw>
<status status="NOT RUN" starttime="20221202 18:47:11.829" endtime="20221202 18:47:11.831"/>
</iter>
<status status="NOT RUN" starttime="20221202 18:47:11.828" endtime="20221202 18:47:11.832"/>
</while>
<status status="PASS" starttime="20221202 18:47:11.775" endtime="20221202 18:47:11.833"/>
</kw>
<kw name="Store the receipt as a PDF file">
<var>${pdf}</var>
<arg>${row}[Order number]</arg>
<kw name="Wait Until Element Is Visible" library="RPA.Browser.Selenium">
<arg>id:receipt</arg>
<doc>Waits until the element ``locator`` is visible.</doc>
<status status="PASS" starttime="20221202 18:47:11.834" endtime="20221202 18:47:11.875"/>
</kw>
<kw name="Get Element Attribute" library="RPA.Browser.Selenium">
<var>${receipt}</var>
<arg>id:receipt</arg>
<arg>outerHTML</arg>
<doc>Returns the value of ``attribute`` from the element ``locator``.</doc>
<msg timestamp="20221202 18:47:11.887" level="INFO">${receipt} = &lt;div id="receipt" class="alert alert-success" role="alert"&gt;&lt;h3&gt;Receipt&lt;/h3&gt;&lt;div&gt;2022-12-02T21:47:11.808Z&lt;/div&gt;&lt;p class="badge badge-success"&gt;RSB-ROBO-ORDER-GFPGWQSV9U&lt;/p&gt;&lt;p&gt;Address 123&lt;/p&gt;&lt;div id="par...</msg>
<status status="PASS" starttime="20221202 18:47:11.876" endtime="20221202 18:47:11.887"/>
</kw>
<kw name="Html To Pdf" library="RPA.PDF">
<arg>${receipt}</arg>
<arg>${OUTPUT_DIR}${/}orders${/}order_${order_number}.pdf</arg>
<doc>Generate a PDF file from HTML content.</doc>
<msg timestamp="20221202 18:47:11.890" level="INFO">Writing output to file D:\ROBOCORP\certificacion-2\orders\order_1.pdf</msg>
<msg timestamp="20221202 18:47:12.143" level="INFO">maxp pruned</msg>
<msg timestamp="20221202 18:47:12.144" level="INFO">cmap pruned</msg>
<msg timestamp="20221202 18:47:12.155" level="INFO">post pruned</msg>
<msg timestamp="20221202 18:47:12.160" level="INFO">GDEF dropped</msg>
<msg timestamp="20221202 18:47:12.160" level="INFO">GPOS dropped</msg>
<msg timestamp="20221202 18:47:12.160" level="INFO">GSUB dropped</msg>
<msg timestamp="20221202 18:47:12.165" level="INFO">name pruned</msg>
<msg timestamp="20221202 18:47:12.172" level="INFO">glyf pruned</msg>
<msg timestamp="20221202 18:47:12.172" level="INFO">Added gid0 to subset</msg>
<msg timestamp="20221202 18:47:12.173" level="INFO">Added first four glyphs to subset</msg>
<msg timestamp="20221202 18:47:12.173" level="INFO">Closing glyph list over 'glyf': 61 glyphs before</msg>
<msg timestamp="20221202 18:47:12.173" level="INFO">Glyph names: ['.notdef', '.null', 'uni0020', 'uni0021', 'uni002D', 'uni002E', 'uni0030', 'uni0031', 'uni0032', 'uni0033', 'uni0034', 'uni0035', 'uni0036', 'uni0037', 'uni0038', 'uni0039', 'uni003A', 'uni0041', 'uni0042', 'uni0044', 'uni0045', 'uni0046', 'uni0047', 'uni0048', 'uni004C', 'uni004F', 'uni0050', 'uni0051', 'uni0052', 'uni0053', 'uni0054', 'uni0055', 'uni0056', 'uni0057', 'uni0059', 'uni005A', 'uni0061', 'uni0062', 'uni0063', 'uni0064', 'uni0065', 'uni0066', 'uni0067', 'uni0068', 'uni0069', 'uni006B', 'uni006C', 'uni006D', 'uni006E', 'uni006F', 'uni0070', 'uni0072', 'uni0073', 'uni0074', 'uni0075', 'uni0076', 'uni0077', 'uni0079', 'uni007B', 'uni007D', 'uni00C4']</msg>
<msg timestamp="20221202 18:47:12.174" level="INFO">Glyph IDs:   [0, 1, 2, 3, 65, 84, 95, 137, 141, 161, 280, 320, 374, 381, 382, 395, 409, 421, 453, 456, 469, 493, 504, 575, 582, 594, 612, 645, 650, 660, 679, 715, 723, 752, 759, 775, 827, 837, 867, 884, 899, 932, 936, 950, 1294, 1295, 1296, 1298, 1299, 1300, 1302, 1303, 1304, 1305, 1329, 1345, 1346, 1361, 1404, 1407, 1681]</msg>
<msg timestamp="20221202 18:47:12.175" level="INFO">Closed glyph list over 'glyf': 61 glyphs after</msg>
<msg timestamp="20221202 18:47:12.175" level="INFO">Glyph names: ['.notdef', '.null', 'uni0020', 'uni0021', 'uni002D', 'uni002E', 'uni0030', 'uni0031', 'uni0032', 'uni0033', 'uni0034', 'uni0035', 'uni0036', 'uni0037', 'uni0038', 'uni0039', 'uni003A', 'uni0041', 'uni0042', 'uni0044', 'uni0045', 'uni0046', 'uni0047', 'uni0048', 'uni004C', 'uni004F', 'uni0050', 'uni0051', 'uni0052', 'uni0053', 'uni0054', 'uni0055', 'uni0056', 'uni0057', 'uni0059', 'uni005A', 'uni0061', 'uni0062', 'uni0063', 'uni0064', 'uni0065', 'uni0066', 'uni0067', 'uni0068', 'uni0069', 'uni006B', 'uni006C', 'uni006D', 'uni006E', 'uni006F', 'uni0070', 'uni0072', 'uni0073', 'uni0074', 'uni0075', 'uni0076', 'uni0077', 'uni0079', 'uni007B', 'uni007D', 'uni00C4']</msg>
<msg timestamp="20221202 18:47:12.176" level="INFO">Glyph IDs:   [0, 1, 2, 3, 65, 84, 95, 137, 141, 161, 280, 320, 374, 381, 382, 395, 409, 421, 453, 456, 469, 493, 504, 575, 582, 594, 612, 645, 650, 660, 679, 715, 723, 752, 759, 775, 827, 837, 867, 884, 899, 932, 936, 950, 1294, 1295, 1296, 1298, 1299, 1300, 1302, 1303, 1304, 1305, 1329, 1345, 1346, 1361, 1404, 1407, 1681]</msg>
<msg timestamp="20221202 18:47:12.176" level="INFO">Retaining 61 glyphs</msg>
<msg timestamp="20221202 18:47:12.177" level="INFO">head subsetting not needed</msg>
<msg timestamp="20221202 18:47:12.177" level="INFO">hhea subsetting not needed</msg>
<msg timestamp="20221202 18:47:12.178" level="INFO">maxp subsetting not needed</msg>
<msg timestamp="20221202 18:47:12.178" level="INFO">OS/2 subsetting not needed</msg>
<msg timestamp="20221202 18:47:12.180" level="INFO">hmtx subsetted</msg>
<msg timestamp="20221202 18:47:12.181" level="INFO">cmap subsetted</msg>
<msg timestamp="20221202 18:47:12.182" level="INFO">prep subsetting not needed</msg>
<msg timestamp="20221202 18:47:12.182" level="INFO">loca subsetting not needed</msg>
<msg timestamp="20221202 18:47:12.182" level="INFO">post subsetted</msg>
<msg timestamp="20221202 18:47:12.183" level="INFO">gasp subsetting not needed</msg>
<msg timestamp="20221202 18:47:12.183" level="INFO">STAT subsetting not needed</msg>
<msg timestamp="20221202 18:47:12.183" level="INFO">name subsetting not needed</msg>
<msg timestamp="20221202 18:47:12.184" level="INFO">glyf subsetted</msg>
<msg timestamp="20221202 18:47:12.185" level="INFO">head pruned</msg>
<msg timestamp="20221202 18:47:12.186" level="INFO">OS/2 Unicode ranges pruned: [0]</msg>
<msg timestamp="20221202 18:47:12.188" level="INFO">glyf pruned</msg>
<msg timestamp="20221202 18:47:12.235" level="INFO">maxp pruned</msg>
<msg timestamp="20221202 18:47:12.235" level="INFO">cmap pruned</msg>
<msg timestamp="20221202 18:47:12.236" level="INFO">post pruned</msg>
<msg timestamp="20221202 18:47:12.236" level="INFO">GDEF dropped</msg>
<msg timestamp="20221202 18:47:12.236" level="INFO">GPOS dropped</msg>
<msg timestamp="20221202 18:47:12.236" level="INFO">GSUB dropped</msg>
<msg timestamp="20221202 18:47:12.238" level="INFO">name pruned</msg>
<msg timestamp="20221202 18:47:12.245" level="INFO">glyf pruned</msg>
<msg timestamp="20221202 18:47:12.245" level="INFO">Added gid0 to subset</msg>
<msg timestamp="20221202 18:47:12.245" level="INFO">Added first four glyphs to subset</msg>
<msg timestamp="20221202 18:47:12.246" level="INFO">Closing glyph list over 'glyf': 19 glyphs before</msg>
<msg timestamp="20221202 18:47:12.246" level="INFO">Glyph names: ['.notdef', '.null', 'uni0020', 'uni0030', 'uni0031', 'uni0032', 'uni0033', 'uni0034', 'uni0035', 'uni0036', 'uni0037', 'uni0038', 'uni0039', 'uni0041', 'uni0062', 'uni006E', 'uni007B', 'uni007D', 'uni00C4']</msg>
<msg timestamp="20221202 18:47:12.247" level="INFO">Glyph IDs:   [0, 1, 2, 3, 575, 759, 1294, 1295, 1296, 1298, 1299, 1300, 1302, 1303, 1304, 1305, 1345, 1346, 1681]</msg>
<msg timestamp="20221202 18:47:12.247" level="INFO">Closed glyph list over 'glyf': 19 glyphs after</msg>
<msg timestamp="20221202 18:47:12.247" level="INFO">Glyph names: ['.notdef', '.null', 'uni0020', 'uni0030', 'uni0031', 'uni0032', 'uni0033', 'uni0034', 'uni0035', 'uni0036', 'uni0037', 'uni0038', 'uni0039', 'uni0041', 'uni0062', 'uni006E', 'uni007B', 'uni007D', 'uni00C4']</msg>
<msg timestamp="20221202 18:47:12.248" level="INFO">Glyph IDs:   [0, 1, 2, 3, 575, 759, 1294, 1295, 1296, 1298, 1299, 1300, 1302, 1303, 1304, 1305, 1345, 1346, 1681]</msg>
<msg timestamp="20221202 18:47:12.249" level="INFO">Retaining 19 glyphs</msg>
<msg timestamp="20221202 18:47:12.249" level="INFO">head subsetting not needed</msg>
<msg timestamp="20221202 18:47:12.250" level="INFO">hhea subsetting not needed</msg>
<msg timestamp="20221202 18:47:12.250" level="INFO">maxp subsetting not needed</msg>
<msg timestamp="20221202 18:47:12.250" level="INFO">OS/2 subsetting not needed</msg>
<msg timestamp="20221202 18:47:12.252" level="INFO">hmtx subsetted</msg>
<msg timestamp="20221202 18:47:12.254" level="INFO">cmap subsetted</msg>
<msg timestamp="20221202 18:47:12.254" level="INFO">prep subsetting not needed</msg>
<msg timestamp="20221202 18:47:12.254" level="INFO">loca subsetting not needed</msg>
<msg timestamp="20221202 18:47:12.254" level="INFO">post subsetted</msg>
<msg timestamp="20221202 18:47:12.255" level="INFO">gasp subsetting not needed</msg>
<msg timestamp="20221202 18:47:12.255" level="INFO">STAT subsetting not needed</msg>
<msg timestamp="20221202 18:47:12.255" level="INFO">name subsetting not needed</msg>
<msg timestamp="20221202 18:47:12.256" level="INFO">glyf subsetted</msg>
<msg timestamp="20221202 18:47:12.257" level="INFO">head pruned</msg>
<msg timestamp="20221202 18:47:12.258" level="INFO">OS/2 Unicode ranges pruned: [0]</msg>
<msg timestamp="20221202 18:47:12.259" level="INFO">glyf pruned</msg>
<msg timestamp="20221202 18:47:12.285" level="INFO">maxp pruned</msg>
<msg timestamp="20221202 18:47:12.286" level="INFO">cmap pruned</msg>
<msg timestamp="20221202 18:47:12.286" level="INFO">post pruned</msg>
<msg timestamp="20221202 18:47:12.287" level="INFO">GDEF dropped</msg>
<msg timestamp="20221202 18:47:12.287" level="INFO">GPOS dropped</msg>
<msg timestamp="20221202 18:47:12.287" level="INFO">GSUB dropped</msg>
<msg timestamp="20221202 18:47:12.288" level="INFO">name pruned</msg>
<msg timestamp="20221202 18:47:12.294" level="INFO">glyf pruned</msg>
<msg timestamp="20221202 18:47:12.298" level="INFO">Added gid0 to subset</msg>
<msg timestamp="20221202 18:47:12.298" level="INFO">Added first four glyphs to subset</msg>
<msg timestamp="20221202 18:47:12.298" level="INFO">Closing glyph list over 'glyf': 18 glyphs before</msg>
<msg timestamp="20221202 18:47:12.298" level="INFO">Glyph names: ['.notdef', '.null', 'uni0020', 'uni0030', 'uni0031', 'uni0032', 'uni0033', 'uni0034', 'uni0035', 'uni0036', 'uni0037', 'uni0038', 'uni0039', 'uni0062', 'uni006E', 'uni007B', 'uni007D', 'uni00A0']</msg>
<msg timestamp="20221202 18:47:12.299" level="INFO">Glyph IDs:   [0, 1, 2, 3, 544, 727, 1256, 1257, 1258, 1260, 1261, 1262, 1264, 1265, 1266, 1267, 1307, 1308]</msg>
<msg timestamp="20221202 18:47:12.300" level="INFO">Closed glyph list over 'glyf': 18 glyphs after</msg>
<msg timestamp="20221202 18:47:12.300" level="INFO">Glyph names: ['.notdef', '.null', 'uni0020', 'uni0030', 'uni0031', 'uni0032', 'uni0033', 'uni0034', 'uni0035', 'uni0036', 'uni0037', 'uni0038', 'uni0039', 'uni0062', 'uni006E', 'uni007B', 'uni007D', 'uni00A0']</msg>
<msg timestamp="20221202 18:47:12.300" level="INFO">Glyph IDs:   [0, 1, 2, 3, 544, 727, 1256, 1257, 1258, 1260, 1261, 1262, 1264, 1265, 1266, 1267, 1307, 1308]</msg>
<msg timestamp="20221202 18:47:12.301" level="INFO">Retaining 18 glyphs</msg>
<msg timestamp="20221202 18:47:12.301" level="INFO">head subsetting not needed</msg>
<msg timestamp="20221202 18:47:12.302" level="INFO">hhea subsetting not needed</msg>
<msg timestamp="20221202 18:47:12.302" level="INFO">maxp subsetting not needed</msg>
<msg timestamp="20221202 18:47:12.302" level="INFO">OS/2 subsetting not needed</msg>
<msg timestamp="20221202 18:47:12.304" level="INFO">hmtx subsetted</msg>
<msg timestamp="20221202 18:47:12.305" level="INFO">cmap subsetted</msg>
<msg timestamp="20221202 18:47:12.305" level="INFO">loca subsetting not needed</msg>
<msg timestamp="20221202 18:47:12.305" level="INFO">post subsetted</msg>
<msg timestamp="20221202 18:47:12.306" level="INFO">name subsetting not needed</msg>
<msg timestamp="20221202 18:47:12.307" level="INFO">glyf subsetted</msg>
<msg timestamp="20221202 18:47:12.307" level="INFO">head pruned</msg>
<msg timestamp="20221202 18:47:12.308" level="INFO">OS/2 Unicode ranges pruned: [0]</msg>
<msg timestamp="20221202 18:47:12.309" level="INFO">glyf pruned</msg>
<msg timestamp="20221202 18:47:12.336" level="INFO">maxp pruned</msg>
<msg timestamp="20221202 18:47:12.336" level="INFO">cmap pruned</msg>
<msg timestamp="20221202 18:47:12.337" level="INFO">post pruned</msg>
<msg timestamp="20221202 18:47:12.337" level="INFO">GDEF dropped</msg>
<msg timestamp="20221202 18:47:12.337" level="INFO">GPOS dropped</msg>
<msg timestamp="20221202 18:47:12.338" level="INFO">GSUB dropped</msg>
<msg timestamp="20221202 18:47:12.338" level="INFO">name pruned</msg>
<msg timestamp="20221202 18:47:12.346" level="INFO">glyf pruned</msg>
<msg timestamp="20221202 18:47:12.350" level="INFO">Added gid0 to subset</msg>
<msg timestamp="20221202 18:47:12.350" level="INFO">Added first four glyphs to subset</msg>
<msg timestamp="20221202 18:47:12.351" level="INFO">Closing glyph list over 'glyf': 18 glyphs before</msg>
<msg timestamp="20221202 18:47:12.351" level="INFO">Glyph names: ['.notdef', '.null', 'uni0020', 'uni0030', 'uni0031', 'uni0032', 'uni0033', 'uni0034', 'uni0035', 'uni0036', 'uni0037', 'uni0038', 'uni0039', 'uni0062', 'uni006E', 'uni007B', 'uni007D', 'uni00A0']</msg>
<msg timestamp="20221202 18:47:12.352" level="INFO">Glyph IDs:   [0, 1, 2, 3, 544, 727, 1256, 1257, 1258, 1260, 1261, 1262, 1264, 1265, 1266, 1267, 1307, 1308]</msg>
<msg timestamp="20221202 18:47:12.353" level="INFO">Closed glyph list over 'glyf': 18 glyphs after</msg>
<msg timestamp="20221202 18:47:12.353" level="INFO">Glyph names: ['.notdef', '.null', 'uni0020', 'uni0030', 'uni0031', 'uni0032', 'uni0033', 'uni0034', 'uni0035', 'uni0036', 'uni0037', 'uni0038', 'uni0039', 'uni0062', 'uni006E', 'uni007B', 'uni007D', 'uni00A0']</msg>
<msg timestamp="20221202 18:47:12.353" level="INFO">Glyph IDs:   [0, 1, 2, 3, 544, 727, 1256, 1257, 1258, 1260, 1261, 1262, 1264, 1265, 1266, 1267, 1307, 1308]</msg>
<msg timestamp="20221202 18:47:12.354" level="INFO">Retaining 18 glyphs</msg>
<msg timestamp="20221202 18:47:12.355" level="INFO">head subsetting not needed</msg>
<msg timestamp="20221202 18:47:12.355" level="INFO">hhea subsetting not needed</msg>
<msg timestamp="20221202 18:47:12.355" level="INFO">maxp subsetting not needed</msg>
<msg timestamp="20221202 18:47:12.355" level="INFO">OS/2 subsetting not needed</msg>
<msg timestamp="20221202 18:47:12.357" level="INFO">hmtx subsetted</msg>
<msg timestamp="20221202 18:47:12.358" level="INFO">cmap subsetted</msg>
<msg timestamp="20221202 18:47:12.358" level="INFO">loca subsetting not needed</msg>
<msg timestamp="20221202 18:47:12.359" level="INFO">post subsetted</msg>
<msg timestamp="20221202 18:47:12.359" level="INFO">name subsetting not needed</msg>
<msg timestamp="20221202 18:47:12.360" level="INFO">glyf subsetted</msg>
<msg timestamp="20221202 18:47:12.361" level="INFO">head pruned</msg>
<msg timestamp="20221202 18:47:12.361" level="INFO">OS/2 Unicode ranges pruned: [0]</msg>
<msg timestamp="20221202 18:47:12.363" level="INFO">glyf pruned</msg>
<status status="PASS" starttime="20221202 18:47:11.888" endtime="20221202 18:47:12.391"/>
</kw>
<return>
<value>${OUTPUT_DIR}${/}orders${/}order_${order_number}.pdf</value>
<status status="PASS" starttime="20221202 18:47:12.392" endtime="20221202 18:47:12.393"/>
</return>
<msg timestamp="20221202 18:47:12.394" level="INFO">${pdf} = D:\ROBOCORP\certificacion-2\orders\order_1.pdf</msg>
<status status="PASS" starttime="20221202 18:47:11.833" endtime="20221202 18:47:12.395"/>
</kw>
<kw name="Take a screenshot of the robot">
<var>${screenshot}</var>
<arg>${row}[Order number]</arg>
<kw name="Wait Until Element Is Visible" library="RPA.Browser.Selenium">
<arg>id:robot-preview-image</arg>
<doc>Waits until the element ``locator`` is visible.</doc>
<status status="PASS" starttime="20221202 18:47:12.397" endtime="20221202 18:47:12.426"/>
</kw>
<kw name="Capture Element Screenshot" library="RPA.Browser.Selenium">
<arg>id:robot-preview-image</arg>
<arg>${OUTPUT_DIR}${/}orders${/}screenshot_${order_number}.png</arg>
<doc>Captures a screenshot from the element identified by ``locator`` and embeds it into log file.</doc>
<msg timestamp="20221202 18:47:12.496" level="INFO" html="true">&lt;/td&gt;&lt;/tr&gt;&lt;tr&gt;&lt;td colspan="3"&gt;&lt;a href="orders/screenshot_1.png"&gt;&lt;img src="orders/screenshot_1.png" width="400px"&gt;&lt;/a&gt;</msg>
<status status="PASS" starttime="20221202 18:47:12.427" endtime="20221202 18:47:12.496"/>
</kw>
<return>
<value>${OUTPUT_DIR}${/}orders${/}screenshot_${order_number}.png</value>
<status status="PASS" starttime="20221202 18:47:12.497" endtime="20221202 18:47:12.497"/>
</return>
<msg timestamp="20221202 18:47:12.499" level="INFO">${screenshot} = D:\ROBOCORP\certificacion-2\orders\screenshot_1.png</msg>
<status status="PASS" starttime="20221202 18:47:12.396" endtime="20221202 18:47:12.499"/>
</kw>
<kw name="Embed the robot screenshot to the receipt PDF file">
<arg>${screenshot}</arg>
<arg>${pdf}</arg>
<kw name="Create List" library="BuiltIn">
<var>${files}</var>
<arg>${pdf}</arg>
<arg>${screenshot}</arg>
<doc>Returns a list containing given items.</doc>
<msg timestamp="20221202 18:47:12.502" level="INFO">${files} = ['D:\\ROBOCORP\\certificacion-2\\orders\\order_1.pdf', 'D:\\ROBOCORP\\certificacion-2\\orders\\screenshot_1.png']</msg>
<status status="PASS" starttime="20221202 18:47:12.501" endtime="20221202 18:47:12.502"/>
</kw>
<kw name="Add Files To Pdf" library="RPA.PDF">
<arg>${files}</arg>
<arg>${pdf}</arg>
<doc>Add images and/or pdfs to new PDF document</doc>
<msg timestamp="20221202 18:47:12.509" level="INFO">File D:\ROBOCORP\certificacion-2\orders\order_1.pdf type: None</msg>
<msg timestamp="20221202 18:47:12.513" level="INFO">File D:\ROBOCORP\certificacion-2\orders\screenshot_1.png type: png</msg>
<msg timestamp="20221202 18:47:12.514" level="INFO">Image parameters: {}</msg>
<status status="PASS" starttime="20221202 18:47:12.502" endtime="20221202 18:47:13.354"/>
</kw>
<status status="PASS" starttime="20221202 18:47:12.499" endtime="20221202 18:47:13.355"/>
</kw>
<kw name="Go to order another robot">
<kw name="Click Button" library="RPA.Browser.Selenium">
<arg>id:order-another</arg>
<doc>Clicks the button identified by ``locator``.</doc>
<msg timestamp="20221202 18:47:13.357" level="INFO">Clicking button 'id:order-another'.</msg>
<status status="PASS" starttime="20221202 18:47:13.357" endtime="20221202 18:47:13.447"/>
</kw>
<status status="PASS" starttime="20221202 18:47:13.356" endtime="20221202 18:47:13.448"/>
</kw>
<status status="PASS" starttime="20221202 18:47:11.533" endtime="20221202 18:47:13.449"/>
</iter>
<iter>
<var name="${row}">{'Order number': '2', 'Head': '4', 'Body': '1', 'Legs': '5', 'Address': 'Address 456'}</var>
<kw name="Close the annoying modal">
<kw name="Click Button" library="RPA.Browser.Selenium">
<arg>css:.btn-dark</arg>
<doc>Clicks the button identified by ``locator``.</doc>
<msg timestamp="20221202 18:47:13.452" level="INFO">Clicking button 'css:.btn-dark'.</msg>
<status status="PASS" starttime="20221202 18:47:13.451" endtime="20221202 18:47:13.481"/>
</kw>
<status status="PASS" starttime="20221202 18:47:13.450" endtime="20221202 18:47:13.481"/>
</kw>
<kw name="Fill the form">
<arg>${row}</arg>
<kw name="Select From List By Value" library="RPA.Browser.Selenium">
<arg>head</arg>
<arg>${order}[Head]</arg>
<doc>Selects options from selection list ``locator`` by ``values``.</doc>
<msg timestamp="20221202 18:47:13.484" level="INFO">Selecting options from selection list 'head' by value 4.</msg>
<status status="PASS" starttime="20221202 18:47:13.483" endtime="20221202 18:47:13.518"/>
</kw>
<kw name="Select Radio Button" library="RPA.Browser.Selenium">
<arg>body</arg>
<arg>${order}[Body]</arg>
<doc>Sets the radio button group ``group_name`` to ``value``.</doc>
<msg timestamp="20221202 18:47:13.520" level="INFO">Selecting '1' from radio button 'body'.</msg>
<status status="PASS" starttime="20221202 18:47:13.519" endtime="20221202 18:47:13.570"/>
</kw>
<kw name="Input Text" library="RPA.Browser.Selenium">
<arg>xpath://html/body/div/div/div[1]/div/div[1]/form/div[3]/input</arg>
<arg>${order}[Legs]</arg>
<doc>Types the given ``text`` into the text field identified by ``locator``.</doc>
<msg timestamp="20221202 18:47:13.572" level="INFO">Typing text '5' into text field 'xpath://html/body/div/div/div[1]/div/div[1]/form/div[3]/input'.</msg>
<status status="PASS" starttime="20221202 18:47:13.571" endtime="20221202 18:47:13.609"/>
</kw>
<kw name="Input Text" library="RPA.Browser.Selenium">
<arg>address</arg>
<arg>${order}[Address]</arg>
<doc>Types the given ``text`` into the text field identified by ``locator``.</doc>
<msg timestamp="20221202 18:47:13.611" level="INFO">Typing text 'Address 456' into text field 'address'.</msg>
<status status="PASS" starttime="20221202 18:47:13.610" endtime="20221202 18:47:13.652"/>
</kw>
<status status="PASS" starttime="20221202 18:47:13.482" endtime="20221202 18:47:13.652"/>
</kw>
<kw name="Preview the robot">
<kw name="Click Button" library="RPA.Browser.Selenium">
<arg>preview</arg>
<doc>Clicks the button identified by ``locator``.</doc>
<msg timestamp="20221202 18:47:13.655" level="INFO">Clicking button 'preview'.</msg>
<status status="PASS" starttime="20221202 18:47:13.654" endtime="20221202 18:47:13.684"/>
</kw>
<status status="PASS" starttime="20221202 18:47:13.653" endtime="20221202 18:47:13.685"/>
</kw>
<kw name="Submit the order">
<kw name="Click Button" library="RPA.Browser.Selenium">
<arg>id:order</arg>
<doc>Clicks the button identified by ``locator``.</doc>
<msg timestamp="20221202 18:47:13.689" level="INFO">Clicking button 'id:order'.</msg>
<status status="PASS" starttime="20221202 18:47:13.688" endtime="20221202 18:47:13.720"/>
</kw>
<kw name="Does Page Contain Element" library="RPA.Browser.Selenium">
<var>${alert}</var>
<arg>css:.alert-danger</arg>
<doc>Does page contain expected element</doc>
<msg timestamp="20221202 18:47:13.725" level="INFO">Current page contains element 'css:.alert-danger'.</msg>
<msg timestamp="20221202 18:47:13.726" level="INFO">${alert} = True</msg>
<status status="PASS" starttime="20221202 18:47:13.721" endtime="20221202 18:47:13.726"/>
</kw>
<while condition="${alert}">
<iter>
<kw name="Click Button" library="RPA.Browser.Selenium">
<arg>id:order</arg>
<doc>Clicks the button identified by ``locator``.</doc>
<msg timestamp="20221202 18:47:13.728" level="INFO">Clicking button 'id:order'.</msg>
<status status="PASS" starttime="20221202 18:47:13.728" endtime="20221202 18:47:13.756"/>
</kw>
<kw name="Does Page Contain Element" library="RPA.Browser.Selenium">
<var>${alert}</var>
<arg>css:.alert-danger</arg>
<doc>Does page contain expected element</doc>
<msg timestamp="20221202 18:47:13.764" level="INFO" html="true">Ran with keyword &lt;b&gt;Page Should Contain Element&lt;/b&gt; which returned error: &lt;i&gt;Page should have contained element 'css:.alert-danger' but did not.&lt;/i&gt;</msg>
<msg timestamp="20221202 18:47:13.764" level="INFO">${alert} = False</msg>
<status status="PASS" starttime="20221202 18:47:13.757" endtime="20221202 18:47:13.765"/>
</kw>
<status status="PASS" starttime="20221202 18:47:13.727" endtime="20221202 18:47:13.765"/>
</iter>
<status status="PASS" starttime="20221202 18:47:13.726" endtime="20221202 18:47:13.766"/>
</while>
<status status="PASS" starttime="20221202 18:47:13.686" endtime="20221202 18:47:13.766"/>
</kw>
<kw name="Store the receipt as a PDF file">
<var>${pdf}</var>
<arg>${row}[Order number]</arg>
<kw name="Wait Until Element Is Visible" library="RPA.Browser.Selenium">
<arg>id:receipt</arg>
<doc>Waits until the element ``locator`` is visible.</doc>
<status status="PASS" starttime="20221202 18:47:13.768" endtime="20221202 18:47:13.778"/>
</kw>
<kw name="Get Element Attribute" library="RPA.Browser.Selenium">
<var>${receipt}</var>
<arg>id:receipt</arg>
<arg>outerHTML</arg>
<doc>Returns the value of ``attribute`` from the element ``locator``.</doc>
<msg timestamp="20221202 18:47:13.791" level="INFO">${receipt} = &lt;div id="receipt" class="alert alert-success" role="alert"&gt;&lt;h3&gt;Receipt&lt;/h3&gt;&lt;div&gt;2022-12-02T21:47:13.752Z&lt;/div&gt;&lt;p class="badge badge-success"&gt;RSB-ROBO-ORDER-LDUG7WDSA&lt;/p&gt;&lt;p&gt;Address 456&lt;/p&gt;&lt;div id="part...</msg>
<status status="PASS" starttime="20221202 18:47:13.779" endtime="20221202 18:47:13.791"/>
</kw>
<kw name="Html To Pdf" library="RPA.PDF">
<arg>${receipt}</arg>
<arg>${OUTPUT_DIR}${/}orders${/}order_${order_number}.pdf</arg>
<doc>Generate a PDF file from HTML content.</doc>
<msg timestamp="20221202 18:47:13.793" level="INFO">Writing output to file D:\ROBOCORP\certificacion-2\orders\order_2.pdf</msg>
<msg timestamp="20221202 18:47:14.002" level="INFO">maxp pruned</msg>
<msg timestamp="20221202 18:47:14.003" level="INFO">cmap pruned</msg>
<msg timestamp="20221202 18:47:14.003" level="INFO">post pruned</msg>
<msg timestamp="20221202 18:47:14.003" level="INFO">GDEF dropped</msg>
<msg timestamp="20221202 18:47:14.004" level="INFO">GPOS dropped</msg>
<msg timestamp="20221202 18:47:14.004" level="INFO">GSUB dropped</msg>
<msg timestamp="20221202 18:47:14.005" level="INFO">name pruned</msg>
<msg timestamp="20221202 18:47:14.013" level="INFO">glyf pruned</msg>
<msg timestamp="20221202 18:47:14.013" level="INFO">Added gid0 to subset</msg>
<msg timestamp="20221202 18:47:14.014" level="INFO">Added first four glyphs to subset</msg>
<msg timestamp="20221202 18:47:14.015" level="INFO">Closing glyph list over 'glyf': 57 glyphs before</msg>
<msg timestamp="20221202 18:47:14.015" level="INFO">Glyph names: ['.notdef', '.null', 'uni0020', 'uni0021', 'uni002D', 'uni002E', 'uni0030', 'uni0031', 'uni0032', 'uni0033', 'uni0034', 'uni0035', 'uni0036', 'uni0037', 'uni0038', 'uni0039', 'uni003A', 'uni0041', 'uni0042', 'uni0044', 'uni0045', 'uni0047', 'uni0048', 'uni004C', 'uni004F', 'uni0052', 'uni0053', 'uni0054', 'uni0055', 'uni0057', 'uni0059', 'uni005A', 'uni0061', 'uni0062', 'uni0063', 'uni0064', 'uni0065', 'uni0066', 'uni0067', 'uni0068', 'uni0069', 'uni006B', 'uni006C', 'uni006D', 'uni006E', 'uni006F', 'uni0070', 'uni0072', 'uni0073', 'uni0074', 'uni0075', 'uni0076', 'uni0077', 'uni0079', 'uni007B', 'uni007D', 'uni00C4']</msg>
<msg timestamp="20221202 18:47:14.016" level="INFO">Glyph IDs:   [0, 1, 2, 3, 65, 84, 95, 141, 161, 280, 320, 382, 395, 409, 421, 456, 469, 493, 504, 575, 582, 594, 612, 645, 650, 660, 679, 715, 723, 752, 759, 775, 827, 837, 867, 884, 899, 932, 936, 950, 1294, 1295, 1296, 1298, 1299, 1300, 1302, 1303, 1304, 1305, 1329, 1345, 1346, 1361, 1404, 1407, 1681]</msg>
<msg timestamp="20221202 18:47:14.016" level="INFO">Closed glyph list over 'glyf': 57 glyphs after</msg>
<msg timestamp="20221202 18:47:14.017" level="INFO">Glyph names: ['.notdef', '.null', 'uni0020', 'uni0021', 'uni002D', 'uni002E', 'uni0030', 'uni0031', 'uni0032', 'uni0033', 'uni0034', 'uni0035', 'uni0036', 'uni0037', 'uni0038', 'uni0039', 'uni003A', 'uni0041', 'uni0042', 'uni0044', 'uni0045', 'uni0047', 'uni0048', 'uni004C', 'uni004F', 'uni0052', 'uni0053', 'uni0054', 'uni0055', 'uni0057', 'uni0059', 'uni005A', 'uni0061', 'uni0062', 'uni0063', 'uni0064', 'uni0065', 'uni0066', 'uni0067', 'uni0068', 'uni0069', 'uni006B', 'uni006C', 'uni006D', 'uni006E', 'uni006F', 'uni0070', 'uni0072', 'uni0073', 'uni0074', 'uni0075', 'uni0076', 'uni0077', 'uni0079', 'uni007B', 'uni007D', 'uni00C4']</msg>
<msg timestamp="20221202 18:47:14.017" level="INFO">Glyph IDs:   [0, 1, 2, 3, 65, 84, 95, 141, 161, 280, 320, 382, 395, 409, 421, 456, 469, 493, 504, 575, 582, 594, 612, 645, 650, 660, 679, 715, 723, 752, 759, 775, 827, 837, 867, 884, 899, 932, 936, 950, 1294, 1295, 1296, 1298, 1299, 1300, 1302, 1303, 1304, 1305, 1329, 1345, 1346, 1361, 1404, 1407, 1681]</msg>
<msg timestamp="20221202 18:47:14.018" level="INFO">Retaining 57 glyphs</msg>
<msg timestamp="20221202 18:47:14.019" level="INFO">head subsetting not needed</msg>
<msg timestamp="20221202 18:47:14.019" level="INFO">hhea subsetting not needed</msg>
<msg timestamp="20221202 18:47:14.019" level="INFO">maxp subsetting not needed</msg>
<msg timestamp="20221202 18:47:14.019" level="INFO">OS/2 subsetting not needed</msg>
<msg timestamp="20221202 18:47:14.022" level="INFO">hmtx subsetted</msg>
<msg timestamp="20221202 18:47:14.023" level="INFO">cmap subsetted</msg>
<msg timestamp="20221202 18:47:14.023" level="INFO">prep subsetting not needed</msg>
<msg timestamp="20221202 18:47:14.024" level="INFO">loca subsetting not needed</msg>
<msg timestamp="20221202 18:47:14.024" level="INFO">post subsetted</msg>
<msg timestamp="20221202 18:47:14.024" level="INFO">gasp subsetting not needed</msg>
<msg timestamp="20221202 18:47:14.024" level="INFO">STAT subsetting not needed</msg>
<msg timestamp="20221202 18:47:14.025" level="INFO">name subsetting not needed</msg>
<msg timestamp="20221202 18:47:14.026" level="INFO">glyf subsetted</msg>
<msg timestamp="20221202 18:47:14.027" level="INFO">head pruned</msg>
<msg timestamp="20221202 18:47:14.028" level="INFO">OS/2 Unicode ranges pruned: [0]</msg>
<msg timestamp="20221202 18:47:14.030" level="INFO">glyf pruned</msg>
<msg timestamp="20221202 18:47:14.075" level="INFO">maxp pruned</msg>
<msg timestamp="20221202 18:47:14.075" level="INFO">cmap pruned</msg>
<msg timestamp="20221202 18:47:14.076" level="INFO">post pruned</msg>
<msg timestamp="20221202 18:47:14.076" level="INFO">GDEF dropped</msg>
<msg timestamp="20221202 18:47:14.076" level="INFO">GPOS dropped</msg>
<msg timestamp="20221202 18:47:14.076" level="INFO">GSUB dropped</msg>
<msg timestamp="20221202 18:47:14.078" level="INFO">name pruned</msg>
<msg timestamp="20221202 18:47:14.084" level="INFO">glyf pruned</msg>
<msg timestamp="20221202 18:47:14.085" level="INFO">Added gid0 to subset</msg>
<msg timestamp="20221202 18:47:14.085" level="INFO">Added first four glyphs to subset</msg>
<msg timestamp="20221202 18:47:14.085" level="INFO">Closing glyph list over 'glyf': 19 glyphs before</msg>
<msg timestamp="20221202 18:47:14.085" level="INFO">Glyph names: ['.notdef', '.null', 'uni0020', 'uni0030', 'uni0031', 'uni0032', 'uni0033', 'uni0034', 'uni0035', 'uni0036', 'uni0037', 'uni0038', 'uni0039', 'uni0041', 'uni0062', 'uni006E', 'uni007B', 'uni007D', 'uni00C4']</msg>
<msg timestamp="20221202 18:47:14.086" level="INFO">Glyph IDs:   [0, 1, 2, 3, 575, 759, 1294, 1295, 1296, 1298, 1299, 1300, 1302, 1303, 1304, 1305, 1345, 1346, 1681]</msg>
<msg timestamp="20221202 18:47:14.087" level="INFO">Closed glyph list over 'glyf': 19 glyphs after</msg>
<msg timestamp="20221202 18:47:14.087" level="INFO">Glyph names: ['.notdef', '.null', 'uni0020', 'uni0030', 'uni0031', 'uni0032', 'uni0033', 'uni0034', 'uni0035', 'uni0036', 'uni0037', 'uni0038', 'uni0039', 'uni0041', 'uni0062', 'uni006E', 'uni007B', 'uni007D', 'uni00C4']</msg>
<msg timestamp="20221202 18:47:14.088" level="INFO">Glyph IDs:   [0, 1, 2, 3, 575, 759, 1294, 1295, 1296, 1298, 1299, 1300, 1302, 1303, 1304, 1305, 1345, 1346, 1681]</msg>
<msg timestamp="20221202 18:47:14.088" level="INFO">Retaining 19 glyphs</msg>
<msg timestamp="20221202 18:47:14.089" level="INFO">head subsetting not needed</msg>
<msg timestamp="20221202 18:47:14.090" level="INFO">hhea subsetting not needed</msg>
<msg timestamp="20221202 18:47:14.090" level="INFO">maxp subsetting not needed</msg>
<msg timestamp="20221202 18:47:14.090" level="INFO">OS/2 subsetting not needed</msg>
<msg timestamp="20221202 18:47:14.091" level="INFO">hmtx subsetted</msg>
<msg timestamp="20221202 18:47:14.094" level="INFO">cmap subsetted</msg>
<msg timestamp="20221202 18:47:14.099" level="INFO">prep subsetting not needed</msg>
<msg timestamp="20221202 18:47:14.099" level="INFO">loca subsetting not needed</msg>
<msg timestamp="20221202 18:47:14.099" level="INFO">post subsetted</msg>
<msg timestamp="20221202 18:47:14.100" level="INFO">gasp subsetting not needed</msg>
<msg timestamp="20221202 18:47:14.100" level="INFO">STAT subsetting not needed</msg>
<msg timestamp="20221202 18:47:14.100" level="INFO">name subsetting not needed</msg>
<msg timestamp="20221202 18:47:14.101" level="INFO">glyf subsetted</msg>
<msg timestamp="20221202 18:47:14.102" level="INFO">head pruned</msg>
<msg timestamp="20221202 18:47:14.103" level="INFO">OS/2 Unicode ranges pruned: [0]</msg>
<msg timestamp="20221202 18:47:14.104" level="INFO">glyf pruned</msg>
<msg timestamp="20221202 18:47:14.130" level="INFO">maxp pruned</msg>
<msg timestamp="20221202 18:47:14.131" level="INFO">cmap pruned</msg>
<msg timestamp="20221202 18:47:14.131" level="INFO">post pruned</msg>
<msg timestamp="20221202 18:47:14.131" level="INFO">GDEF dropped</msg>
<msg timestamp="20221202 18:47:14.131" level="INFO">GPOS dropped</msg>
<msg timestamp="20221202 18:47:14.132" level="INFO">GSUB dropped</msg>
<msg timestamp="20221202 18:47:14.132" level="INFO">name pruned</msg>
<msg timestamp="20221202 18:47:14.139" level="INFO">glyf pruned</msg>
<msg timestamp="20221202 18:47:14.142" level="INFO">Added gid0 to subset</msg>
<msg timestamp="20221202 18:47:14.143" level="INFO">Added first four glyphs to subset</msg>
<msg timestamp="20221202 18:47:14.143" level="INFO">Closing glyph list over 'glyf': 18 glyphs before</msg>
<msg timestamp="20221202 18:47:14.143" level="INFO">Glyph names: ['.notdef', '.null', 'uni0020', 'uni0030', 'uni0031', 'uni0032', 'uni0033', 'uni0034', 'uni0035', 'uni0036', 'uni0037', 'uni0038', 'uni0039', 'uni0062', 'uni006E', 'uni007B', 'uni007D', 'uni00A0']</msg>
<msg timestamp="20221202 18:47:14.144" level="INFO">Glyph IDs:   [0, 1, 2, 3, 544, 727, 1256, 1257, 1258, 1260, 1261, 1262, 1264, 1265, 1266, 1267, 1307, 1308]</msg>
<msg timestamp="20221202 18:47:14.144" level="INFO">Closed glyph list over 'glyf': 18 glyphs after</msg>
<msg timestamp="20221202 18:47:14.144" level="INFO">Glyph names: ['.notdef', '.null', 'uni0020', 'uni0030', 'uni0031', 'uni0032', 'uni0033', 'uni0034', 'uni0035', 'uni0036', 'uni0037', 'uni0038', 'uni0039', 'uni0062', 'uni006E', 'uni007B', 'uni007D', 'uni00A0']</msg>
<msg timestamp="20221202 18:47:14.145" level="INFO">Glyph IDs:   [0, 1, 2, 3, 544, 727, 1256, 1257, 1258, 1260, 1261, 1262, 1264, 1265, 1266, 1267, 1307, 1308]</msg>
<msg timestamp="20221202 18:47:14.145" level="INFO">Retaining 18 glyphs</msg>
<msg timestamp="20221202 18:47:14.146" level="INFO">head subsetting not needed</msg>
<msg timestamp="20221202 18:47:14.146" level="INFO">hhea subsetting not needed</msg>
<msg timestamp="20221202 18:47:14.147" level="INFO">maxp subsetting not needed</msg>
<msg timestamp="20221202 18:47:14.147" level="INFO">OS/2 subsetting not needed</msg>
<msg timestamp="20221202 18:47:14.149" level="INFO">hmtx subsetted</msg>
<msg timestamp="20221202 18:47:14.150" level="INFO">cmap subsetted</msg>
<msg timestamp="20221202 18:47:14.150" level="INFO">loca subsetting not needed</msg>
<msg timestamp="20221202 18:47:14.150" level="INFO">post subsetted</msg>
<msg timestamp="20221202 18:47:14.151" level="INFO">name subsetting not needed</msg>
<msg timestamp="20221202 18:47:14.152" level="INFO">glyf subsetted</msg>
<msg timestamp="20221202 18:47:14.152" level="INFO">head pruned</msg>
<msg timestamp="20221202 18:47:14.153" level="INFO">OS/2 Unicode ranges pruned: [0]</msg>
<msg timestamp="20221202 18:47:14.154" level="INFO">glyf pruned</msg>
<msg timestamp="20221202 18:47:14.178" level="INFO">maxp pruned</msg>
<msg timestamp="20221202 18:47:14.178" level="INFO">cmap pruned</msg>
<msg timestamp="20221202 18:47:14.179" level="INFO">post pruned</msg>
<msg timestamp="20221202 18:47:14.179" level="INFO">GDEF dropped</msg>
<msg timestamp="20221202 18:47:14.179" level="INFO">GPOS dropped</msg>
<msg timestamp="20221202 18:47:14.179" level="INFO">GSUB dropped</msg>
<msg timestamp="20221202 18:47:14.180" level="INFO">name pruned</msg>
<msg timestamp="20221202 18:47:14.187" level="INFO">glyf pruned</msg>
<msg timestamp="20221202 18:47:14.190" level="INFO">Added gid0 to subset</msg>
<msg timestamp="20221202 18:47:14.191" level="INFO">Added first four glyphs to subset</msg>
<msg timestamp="20221202 18:47:14.191" level="INFO">Closing glyph list over 'glyf': 18 glyphs before</msg>
<msg timestamp="20221202 18:47:14.191" level="INFO">Glyph names: ['.notdef', '.null', 'uni0020', 'uni0030', 'uni0031', 'uni0032', 'uni0033', 'uni0034', 'uni0035', 'uni0036', 'uni0037', 'uni0038', 'uni0039', 'uni0062', 'uni006E', 'uni007B', 'uni007D', 'uni00A0']</msg>
<msg timestamp="20221202 18:47:14.192" level="INFO">Glyph IDs:   [0, 1, 2, 3, 544, 727, 1256, 1257, 1258, 1260, 1261, 1262, 1264, 1265, 1266, 1267, 1307, 1308]</msg>
<msg timestamp="20221202 18:47:14.192" level="INFO">Closed glyph list over 'glyf': 18 glyphs after</msg>
<msg timestamp="20221202 18:47:14.192" level="INFO">Glyph names: ['.notdef', '.null', 'uni0020', 'uni0030', 'uni0031', 'uni0032', 'uni0033', 'uni0034', 'uni0035', 'uni0036', 'uni0037', 'uni0038', 'uni0039', 'uni0062', 'uni006E', 'uni007B', 'uni007D', 'uni00A0']</msg>
<msg timestamp="20221202 18:47:14.193" level="INFO">Glyph IDs:   [0, 1, 2, 3, 544, 727, 1256, 1257, 1258, 1260, 1261, 1262, 1264, 1265, 1266, 1267, 1307, 1308]</msg>
<msg timestamp="20221202 18:47:14.193" level="INFO">Retaining 18 glyphs</msg>
<msg timestamp="20221202 18:47:14.194" level="INFO">head subsetting not needed</msg>
<msg timestamp="20221202 18:47:14.194" level="INFO">hhea subsetting not needed</msg>
<msg timestamp="20221202 18:47:14.194" level="INFO">maxp subsetting not needed</msg>
<msg timestamp="20221202 18:47:14.195" level="INFO">OS/2 subsetting not needed</msg>
<msg timestamp="20221202 18:47:14.197" level="INFO">hmtx subsetted</msg>
<msg timestamp="20221202 18:47:14.198" level="INFO">cmap subsetted</msg>
<msg timestamp="20221202 18:47:14.198" level="INFO">loca subsetting not needed</msg>
<msg timestamp="20221202 18:47:14.198" level="INFO">post subsetted</msg>
<msg timestamp="20221202 18:47:14.199" level="INFO">name subsetting not needed</msg>
<msg timestamp="20221202 18:47:14.199" level="INFO">glyf subsetted</msg>
<msg timestamp="20221202 18:47:14.200" level="INFO">head pruned</msg>
<msg timestamp="20221202 18:47:14.201" level="INFO">OS/2 Unicode ranges pruned: [0]</msg>
<msg timestamp="20221202 18:47:14.201" level="INFO">glyf pruned</msg>
<status status="PASS" starttime="20221202 18:47:13.792" endtime="20221202 18:47:14.222"/>
</kw>
<return>
<value>${OUTPUT_DIR}${/}orders${/}order_${order_number}.pdf</value>
<status status="PASS" starttime="20221202 18:47:14.222" endtime="20221202 18:47:14.223"/>
</return>
<msg timestamp="20221202 18:47:14.224" level="INFO">${pdf} = D:\ROBOCORP\certificacion-2\orders\order_2.pdf</msg>
<status status="PASS" starttime="20221202 18:47:13.767" endtime="20221202 18:47:14.224"/>
</kw>
<kw name="Take a screenshot of the robot">
<var>${screenshot}</var>
<arg>${row}[Order number]</arg>
<kw name="Wait Until Element Is Visible" library="RPA.Browser.Selenium">
<arg>id:robot-preview-image</arg>
<doc>Waits until the element ``locator`` is visible.</doc>
<status status="PASS" starttime="20221202 18:47:14.226" endtime="20221202 18:47:14.237"/>
</kw>
<kw name="Capture Element Screenshot" library="RPA.Browser.Selenium">
<arg>id:robot-preview-image</arg>
<arg>${OUTPUT_DIR}${/}orders${/}screenshot_${order_number}.png</arg>
<doc>Captures a screenshot from the element identified by ``locator`` and embeds it into log file.</doc>
<msg timestamp="20221202 18:47:14.297" level="INFO" html="true">&lt;/td&gt;&lt;/tr&gt;&lt;tr&gt;&lt;td colspan="3"&gt;&lt;a href="orders/screenshot_2.png"&gt;&lt;img src="orders/screenshot_2.png" width="400px"&gt;&lt;/a&gt;</msg>
<status status="PASS" starttime="20221202 18:47:14.238" endtime="20221202 18:47:14.297"/>
</kw>
<return>
<value>${OUTPUT_DIR}${/}orders${/}screenshot_${order_number}.png</value>
<status status="PASS" starttime="20221202 18:47:14.298" endtime="20221202 18:47:14.298"/>
</return>
<msg timestamp="20221202 18:47:14.299" level="INFO">${screenshot} = D:\ROBOCORP\certificacion-2\orders\screenshot_2.png</msg>
<status status="PASS" starttime="20221202 18:47:14.225" endtime="20221202 18:47:14.300"/>
</kw>
<kw name="Embed the robot screenshot to the receipt PDF file">
<arg>${screenshot}</arg>
<arg>${pdf}</arg>
<kw name="Create List" library="BuiltIn">
<var>${files}</var>
<arg>${pdf}</arg>
<arg>${screenshot}</arg>
<doc>Returns a list containing given items.</doc>
<msg timestamp="20221202 18:47:14.302" level="INFO">${files} = ['D:\\ROBOCORP\\certificacion-2\\orders\\order_2.pdf', 'D:\\ROBOCORP\\certificacion-2\\orders\\screenshot_2.png']</msg>
<status status="PASS" starttime="20221202 18:47:14.301" endtime="20221202 18:47:14.303"/>
</kw>
<kw name="Add Files To Pdf" library="RPA.PDF">
<arg>${files}</arg>
<arg>${pdf}</arg>
<doc>Add images and/or pdfs to new PDF document</doc>
<msg timestamp="20221202 18:47:14.309" level="INFO">File D:\ROBOCORP\certificacion-2\orders\order_2.pdf type: None</msg>
<msg timestamp="20221202 18:47:14.313" level="INFO">File D:\ROBOCORP\certificacion-2\orders\screenshot_2.png type: png</msg>
<msg timestamp="20221202 18:47:14.314" level="INFO">Image parameters: {}</msg>
<status status="PASS" starttime="20221202 18:47:14.303" endtime="20221202 18:47:14.881"/>
</kw>
<status status="PASS" starttime="20221202 18:47:14.300" endtime="20221202 18:47:14.881"/>
</kw>
<kw name="Go to order another robot">
<kw name="Click Button" library="RPA.Browser.Selenium">
<arg>id:order-another</arg>
<doc>Clicks the button identified by ``locator``.</doc>
<msg timestamp="20221202 18:47:14.884" level="INFO">Clicking button 'id:order-another'.</msg>
<status status="PASS" starttime="20221202 18:47:14.883" endtime="20221202 18:47:14.953"/>
</kw>
<status status="PASS" starttime="20221202 18:47:14.882" endtime="20221202 18:47:14.954"/>
</kw>
<status status="PASS" starttime="20221202 18:47:13.449" endtime="20221202 18:47:14.955"/>
</iter>
<iter>
<var name="${row}">{'Order number': '3', 'Head': '6', 'Body': '2', 'Legs': '3', 'Address': 'Address 789'}</var>
<kw name="Close the annoying modal">
<kw name="Click Button" library="RPA.Browser.Selenium">
<arg>css:.btn-dark</arg>
<doc>Clicks the button identified by ``locator``.</doc>
<msg timestamp="20221202 18:47:14.958" level="INFO">Clicking button 'css:.btn-dark'.</msg>
<status status="PASS" starttime="20221202 18:47:14.957" endtime="20221202 18:47:14.986"/>
</kw>
<status status="PASS" starttime="20221202 18:47:14.956" endtime="20221202 18:47:14.987"/>
</kw>
<kw name="Fill the form">
<arg>${row}</arg>
<kw name="Select From List By Value" library="RPA.Browser.Selenium">
<arg>head</arg>
<arg>${order}[Head]</arg>
<doc>Selects options from selection list ``locator`` by ``values``.</doc>
<msg timestamp="20221202 18:47:14.990" level="INFO">Selecting options from selection list 'head' by value 6.</msg>
<status status="PASS" starttime="20221202 18:47:14.989" endtime="20221202 18:47:15.024"/>
</kw>
<kw name="Select Radio Button" library="RPA.Browser.Selenium">
<arg>body</arg>
<arg>${order}[Body]</arg>
<doc>Sets the radio button group ``group_name`` to ``value``.</doc>
<msg timestamp="20221202 18:47:15.025" level="INFO">Selecting '2' from radio button 'body'.</msg>
<status status="PASS" starttime="20221202 18:47:15.024" endtime="20221202 18:47:15.052"/>
</kw>
<kw name="Input Text" library="RPA.Browser.Selenium">
<arg>xpath://html/body/div/div/div[1]/div/div[1]/form/div[3]/input</arg>
<arg>${order}[Legs]</arg>
<doc>Types the given ``text`` into the text field identified by ``locator``.</doc>
<msg timestamp="20221202 18:47:15.054" level="INFO">Typing text '3' into text field 'xpath://html/body/div/div/div[1]/div/div[1]/form/div[3]/input'.</msg>
<status status="PASS" starttime="20221202 18:47:15.053" endtime="20221202 18:47:15.093"/>
</kw>
<kw name="Input Text" library="RPA.Browser.Selenium">
<arg>address</arg>
<arg>${order}[Address]</arg>
<doc>Types the given ``text`` into the text field identified by ``locator``.</doc>
<msg timestamp="20221202 18:47:15.095" level="INFO">Typing text 'Address 789' into text field 'address'.</msg>
<status status="PASS" starttime="20221202 18:47:15.094" endtime="20221202 18:47:15.139"/>
</kw>
<status status="PASS" starttime="20221202 18:47:14.988" endtime="20221202 18:47:15.140"/>
</kw>
<kw name="Preview the robot">
<kw name="Click Button" library="RPA.Browser.Selenium">
<arg>preview</arg>
<doc>Clicks the button identified by ``locator``.</doc>
<msg timestamp="20221202 18:47:15.142" level="INFO">Clicking button 'preview'.</msg>
<status status="PASS" starttime="20221202 18:47:15.142" endtime="20221202 18:47:15.171"/>
</kw>
<status status="PASS" starttime="20221202 18:47:15.141" endtime="20221202 18:47:15.172"/>
</kw>
<kw name="Submit the order">
<kw name="Click Button" library="RPA.Browser.Selenium">
<arg>id:order</arg>
<doc>Clicks the button identified by ``locator``.</doc>
<msg timestamp="20221202 18:47:15.174" level="INFO">Clicking button 'id:order'.</msg>
<status status="PASS" starttime="20221202 18:47:15.173" endtime="20221202 18:47:15.205"/>
</kw>
<kw name="Does Page Contain Element" library="RPA.Browser.Selenium">
<var>${alert}</var>
<arg>css:.alert-danger</arg>
<doc>Does page contain expected element</doc>
<msg timestamp="20221202 18:47:15.213" level="INFO" html="true">Ran with keyword &lt;b&gt;Page Should Contain Element&lt;/b&gt; which returned error: &lt;i&gt;Page should have contained element 'css:.alert-danger' but did not.&lt;/i&gt;</msg>
<msg timestamp="20221202 18:47:15.213" level="INFO">${alert} = False</msg>
<status status="PASS" starttime="20221202 18:47:15.206" endtime="20221202 18:47:15.214"/>
</kw>
<while condition="${alert}">
<iter>
<kw name="Click Button" library="RPA.Browser.Selenium">
<arg>id:order</arg>
<doc>Clicks the button identified by ``locator``.</doc>
<status status="NOT RUN" starttime="20221202 18:47:15.215" endtime="20221202 18:47:15.216"/>
</kw>
<kw name="Does Page Contain Element" library="RPA.Browser.Selenium">
<var>${alert}</var>
<arg>css:.alert-danger</arg>
<doc>Does page contain expected element</doc>
<status status="NOT RUN" starttime="20221202 18:47:15.216" endtime="20221202 18:47:15.217"/>
</kw>
<status status="NOT RUN" starttime="20221202 18:47:15.215" endtime="20221202 18:47:15.217"/>
</iter>
<status status="NOT RUN" starttime="20221202 18:47:15.214" endtime="20221202 18:47:15.217"/>
</while>
<status status="PASS" starttime="20221202 18:47:15.172" endtime="20221202 18:47:15.218"/>
</kw>
<kw name="Store the receipt as a PDF file">
<var>${pdf}</var>
<arg>${row}[Order number]</arg>
<kw name="Wait Until Element Is Visible" library="RPA.Browser.Selenium">
<arg>id:receipt</arg>
<doc>Waits until the element ``locator`` is visible.</doc>
<status status="PASS" starttime="20221202 18:47:15.220" endtime="20221202 18:47:15.229"/>
</kw>
<kw name="Get Element Attribute" library="RPA.Browser.Selenium">
<var>${receipt}</var>
<arg>id:receipt</arg>
<arg>outerHTML</arg>
<doc>Returns the value of ``attribute`` from the element ``locator``.</doc>
<msg timestamp="20221202 18:47:15.239" level="INFO">${receipt} = &lt;div id="receipt" class="alert alert-success" role="alert"&gt;&lt;h3&gt;Receipt&lt;/h3&gt;&lt;div&gt;2022-12-02T21:47:15.201Z&lt;/div&gt;&lt;p class="badge badge-success"&gt;RSB-ROBO-ORDER-F4H7OLNXUI&lt;/p&gt;&lt;p&gt;Address 789&lt;/p&gt;&lt;div id="par...</msg>
<status status="PASS" starttime="20221202 18:47:15.230" endtime="20221202 18:47:15.239"/>
</kw>
<kw name="Html To Pdf" library="RPA.PDF">
<arg>${receipt}</arg>
<arg>${OUTPUT_DIR}${/}orders${/}order_${order_number}.pdf</arg>
<doc>Generate a PDF file from HTML content.</doc>
<msg timestamp="20221202 18:47:15.242" level="INFO">Writing output to file D:\ROBOCORP\certificacion-2\orders\order_3.pdf</msg>
<msg timestamp="20221202 18:47:15.451" level="INFO">maxp pruned</msg>
<msg timestamp="20221202 18:47:15.451" level="INFO">cmap pruned</msg>
<msg timestamp="20221202 18:47:15.452" level="INFO">post pruned</msg>
<msg timestamp="20221202 18:47:15.453" level="INFO">GDEF dropped</msg>
<msg timestamp="20221202 18:47:15.453" level="INFO">GPOS dropped</msg>
<msg timestamp="20221202 18:47:15.453" level="INFO">GSUB dropped</msg>
<msg timestamp="20221202 18:47:15.454" level="INFO">name pruned</msg>
<msg timestamp="20221202 18:47:15.461" level="INFO">glyf pruned</msg>
<msg timestamp="20221202 18:47:15.462" level="INFO">Added gid0 to subset</msg>
<msg timestamp="20221202 18:47:15.462" level="INFO">Added first four glyphs to subset</msg>
<msg timestamp="20221202 18:47:15.462" level="INFO">Closing glyph list over 'glyf': 60 glyphs before</msg>
<msg timestamp="20221202 18:47:15.462" level="INFO">Glyph names: ['.notdef', '.null', 'uni0020', 'uni0021', 'uni002D', 'uni002E', 'uni0030', 'uni0031', 'uni0032', 'uni0033', 'uni0034', 'uni0035', 'uni0036', 'uni0037', 'uni0038', 'uni0039', 'uni003A', 'uni0041', 'uni0042', 'uni0044', 'uni0045', 'uni0046', 'uni0048', 'uni0049', 'uni004C', 'uni004E', 'uni004F', 'uni0052', 'uni0053', 'uni0054', 'uni0055', 'uni0057', 'uni0058', 'uni0059', 'uni005A', 'uni0061', 'uni0062', 'uni0063', 'uni0064', 'uni0065', 'uni0066', 'uni0067', 'uni0068', 'uni0069', 'uni006B', 'uni006C', 'uni006D', 'uni006E', 'uni006F', 'uni0070', 'uni0072', 'uni0073', 'uni0074', 'uni0075', 'uni0076', 'uni0077', 'uni0079', 'uni007B', 'uni007D', 'uni00C4']</msg>
<msg timestamp="20221202 18:47:15.463" level="INFO">Glyph IDs:   [0, 1, 2, 3, 65, 84, 95, 137, 161, 197, 280, 299, 320, 382, 395, 409, 421, 456, 463, 469, 493, 504, 575, 582, 594, 612, 645, 650, 660, 679, 715, 723, 752, 759, 775, 827, 837, 867, 884, 899, 932, 936, 950, 1294, 1295, 1296, 1298, 1299, 1300, 1302, 1303, 1304, 1305, 1329, 1345, 1346, 1361, 1404, 1407, 1681]</msg>
<msg timestamp="20221202 18:47:15.464" level="INFO">Closed glyph list over 'glyf': 60 glyphs after</msg>
<msg timestamp="20221202 18:47:15.464" level="INFO">Glyph names: ['.notdef', '.null', 'uni0020', 'uni0021', 'uni002D', 'uni002E', 'uni0030', 'uni0031', 'uni0032', 'uni0033', 'uni0034', 'uni0035', 'uni0036', 'uni0037', 'uni0038', 'uni0039', 'uni003A', 'uni0041', 'uni0042', 'uni0044', 'uni0045', 'uni0046', 'uni0048', 'uni0049', 'uni004C', 'uni004E', 'uni004F', 'uni0052', 'uni0053', 'uni0054', 'uni0055', 'uni0057', 'uni0058', 'uni0059', 'uni005A', 'uni0061', 'uni0062', 'uni0063', 'uni0064', 'uni0065', 'uni0066', 'uni0067', 'uni0068', 'uni0069', 'uni006B', 'uni006C', 'uni006D', 'uni006E', 'uni006F', 'uni0070', 'uni0072', 'uni0073', 'uni0074', 'uni0075', 'uni0076', 'uni0077', 'uni0079', 'uni007B', 'uni007D', 'uni00C4']</msg>
<msg timestamp="20221202 18:47:15.465" level="INFO">Glyph IDs:   [0, 1, 2, 3, 65, 84, 95, 137, 161, 197, 280, 299, 320, 382, 395, 409, 421, 456, 463, 469, 493, 504, 575, 582, 594, 612, 645, 650, 660, 679, 715, 723, 752, 759, 775, 827, 837, 867, 884, 899, 932, 936, 950, 1294, 1295, 1296, 1298, 1299, 1300, 1302, 1303, 1304, 1305, 1329, 1345, 1346, 1361, 1404, 1407, 1681]</msg>
<msg timestamp="20221202 18:47:15.465" level="INFO">Retaining 60 glyphs</msg>
<msg timestamp="20221202 18:47:15.466" level="INFO">head subsetting not needed</msg>
<msg timestamp="20221202 18:47:15.466" level="INFO">hhea subsetting not needed</msg>
<msg timestamp="20221202 18:47:15.467" level="INFO">maxp subsetting not needed</msg>
<msg timestamp="20221202 18:47:15.467" level="INFO">OS/2 subsetting not needed</msg>
<msg timestamp="20221202 18:47:15.469" level="INFO">hmtx subsetted</msg>
<msg timestamp="20221202 18:47:15.470" level="INFO">cmap subsetted</msg>
<msg timestamp="20221202 18:47:15.470" level="INFO">prep subsetting not needed</msg>
<msg timestamp="20221202 18:47:15.470" level="INFO">loca subsetting not needed</msg>
<msg timestamp="20221202 18:47:15.471" level="INFO">post subsetted</msg>
<msg timestamp="20221202 18:47:15.471" level="INFO">gasp subsetting not needed</msg>
<msg timestamp="20221202 18:47:15.471" level="INFO">STAT subsetting not needed</msg>
<msg timestamp="20221202 18:47:15.472" level="INFO">name subsetting not needed</msg>
<msg timestamp="20221202 18:47:15.472" level="INFO">glyf subsetted</msg>
<msg timestamp="20221202 18:47:15.473" level="INFO">head pruned</msg>
<msg timestamp="20221202 18:47:15.474" level="INFO">OS/2 Unicode ranges pruned: [0]</msg>
<msg timestamp="20221202 18:47:15.476" level="INFO">glyf pruned</msg>
<msg timestamp="20221202 18:47:15.521" level="INFO">maxp pruned</msg>
<msg timestamp="20221202 18:47:15.521" level="INFO">cmap pruned</msg>
<msg timestamp="20221202 18:47:15.522" level="INFO">post pruned</msg>
<msg timestamp="20221202 18:47:15.523" level="INFO">GDEF dropped</msg>
<msg timestamp="20221202 18:47:15.523" level="INFO">GPOS dropped</msg>
<msg timestamp="20221202 18:47:15.523" level="INFO">GSUB dropped</msg>
<msg timestamp="20221202 18:47:15.525" level="INFO">name pruned</msg>
<msg timestamp="20221202 18:47:15.532" level="INFO">glyf pruned</msg>
<msg timestamp="20221202 18:47:15.532" level="INFO">Added gid0 to subset</msg>
<msg timestamp="20221202 18:47:15.532" level="INFO">Added first four glyphs to subset</msg>
<msg timestamp="20221202 18:47:15.533" level="INFO">Closing glyph list over 'glyf': 19 glyphs before</msg>
<msg timestamp="20221202 18:47:15.533" level="INFO">Glyph names: ['.notdef', '.null', 'uni0020', 'uni0030', 'uni0031', 'uni0032', 'uni0033', 'uni0034', 'uni0035', 'uni0036', 'uni0037', 'uni0038', 'uni0039', 'uni0041', 'uni0062', 'uni006E', 'uni007B', 'uni007D', 'uni00C4']</msg>
<msg timestamp="20221202 18:47:15.534" level="INFO">Glyph IDs:   [0, 1, 2, 3, 575, 759, 1294, 1295, 1296, 1298, 1299, 1300, 1302, 1303, 1304, 1305, 1345, 1346, 1681]</msg>
<msg timestamp="20221202 18:47:15.534" level="INFO">Closed glyph list over 'glyf': 19 glyphs after</msg>
<msg timestamp="20221202 18:47:15.534" level="INFO">Glyph names: ['.notdef', '.null', 'uni0020', 'uni0030', 'uni0031', 'uni0032', 'uni0033', 'uni0034', 'uni0035', 'uni0036', 'uni0037', 'uni0038', 'uni0039', 'uni0041', 'uni0062', 'uni006E', 'uni007B', 'uni007D', 'uni00C4']</msg>
<msg timestamp="20221202 18:47:15.535" level="INFO">Glyph IDs:   [0, 1, 2, 3, 575, 759, 1294, 1295, 1296, 1298, 1299, 1300, 1302, 1303, 1304, 1305, 1345, 1346, 1681]</msg>
<msg timestamp="20221202 18:47:15.535" level="INFO">Retaining 19 glyphs</msg>
<msg timestamp="20221202 18:47:15.536" level="INFO">head subsetting not needed</msg>
<msg timestamp="20221202 18:47:15.536" level="INFO">hhea subsetting not needed</msg>
<msg timestamp="20221202 18:47:15.537" level="INFO">maxp subsetting not needed</msg>
<msg timestamp="20221202 18:47:15.537" level="INFO">OS/2 subsetting not needed</msg>
<msg timestamp="20221202 18:47:15.539" level="INFO">hmtx subsetted</msg>
<msg timestamp="20221202 18:47:15.541" level="INFO">cmap subsetted</msg>
<msg timestamp="20221202 18:47:15.541" level="INFO">prep subsetting not needed</msg>
<msg timestamp="20221202 18:47:15.541" level="INFO">loca subsetting not needed</msg>
<msg timestamp="20221202 18:47:15.542" level="INFO">post subsetted</msg>
<msg timestamp="20221202 18:47:15.542" level="INFO">gasp subsetting not needed</msg>
<msg timestamp="20221202 18:47:15.542" level="INFO">STAT subsetting not needed</msg>
<msg timestamp="20221202 18:47:15.543" level="INFO">name subsetting not needed</msg>
<msg timestamp="20221202 18:47:15.543" level="INFO">glyf subsetted</msg>
<msg timestamp="20221202 18:47:15.544" level="INFO">head pruned</msg>
<msg timestamp="20221202 18:47:15.545" level="INFO">OS/2 Unicode ranges pruned: [0]</msg>
<msg timestamp="20221202 18:47:15.546" level="INFO">glyf pruned</msg>
<msg timestamp="20221202 18:47:15.573" level="INFO">maxp pruned</msg>
<msg timestamp="20221202 18:47:15.574" level="INFO">cmap pruned</msg>
<msg timestamp="20221202 18:47:15.574" level="INFO">post pruned</msg>
<msg timestamp="20221202 18:47:15.574" level="INFO">GDEF dropped</msg>
<msg timestamp="20221202 18:47:15.575" level="INFO">GPOS dropped</msg>
<msg timestamp="20221202 18:47:15.575" level="INFO">GSUB dropped</msg>
<msg timestamp="20221202 18:47:15.576" level="INFO">name pruned</msg>
<msg timestamp="20221202 18:47:15.582" level="INFO">glyf pruned</msg>
<msg timestamp="20221202 18:47:15.586" level="INFO">Added gid0 to subset</msg>
<msg timestamp="20221202 18:47:15.587" level="INFO">Added first four glyphs to subset</msg>
<msg timestamp="20221202 18:47:15.587" level="INFO">Closing glyph list over 'glyf': 18 glyphs before</msg>
<msg timestamp="20221202 18:47:15.587" level="INFO">Glyph names: ['.notdef', '.null', 'uni0020', 'uni0030', 'uni0031', 'uni0032', 'uni0033', 'uni0034', 'uni0035', 'uni0036', 'uni0037', 'uni0038', 'uni0039', 'uni0062', 'uni006E', 'uni007B', 'uni007D', 'uni00A0']</msg>
<msg timestamp="20221202 18:47:15.588" level="INFO">Glyph IDs:   [0, 1, 2, 3, 544, 727, 1256, 1257, 1258, 1260, 1261, 1262, 1264, 1265, 1266, 1267, 1307, 1308]</msg>
<msg timestamp="20221202 18:47:15.588" level="INFO">Closed glyph list over 'glyf': 18 glyphs after</msg>
<msg timestamp="20221202 18:47:15.588" level="INFO">Glyph names: ['.notdef', '.null', 'uni0020', 'uni0030', 'uni0031', 'uni0032', 'uni0033', 'uni0034', 'uni0035', 'uni0036', 'uni0037', 'uni0038', 'uni0039', 'uni0062', 'uni006E', 'uni007B', 'uni007D', 'uni00A0']</msg>
<msg timestamp="20221202 18:47:15.589" level="INFO">Glyph IDs:   [0, 1, 2, 3, 544, 727, 1256, 1257, 1258, 1260, 1261, 1262, 1264, 1265, 1266, 1267, 1307, 1308]</msg>
<msg timestamp="20221202 18:47:15.589" level="INFO">Retaining 18 glyphs</msg>
<msg timestamp="20221202 18:47:15.590" level="INFO">head subsetting not needed</msg>
<msg timestamp="20221202 18:47:15.590" level="INFO">hhea subsetting not needed</msg>
<msg timestamp="20221202 18:47:15.591" level="INFO">maxp subsetting not needed</msg>
<msg timestamp="20221202 18:47:15.591" level="INFO">OS/2 subsetting not needed</msg>
<msg timestamp="20221202 18:47:15.593" level="INFO">hmtx subsetted</msg>
<msg timestamp="20221202 18:47:15.593" level="INFO">cmap subsetted</msg>
<msg timestamp="20221202 18:47:15.594" level="INFO">loca subsetting not needed</msg>
<msg timestamp="20221202 18:47:15.594" level="INFO">post subsetted</msg>
<msg timestamp="20221202 18:47:15.594" level="INFO">name subsetting not needed</msg>
<msg timestamp="20221202 18:47:15.595" level="INFO">glyf subsetted</msg>
<msg timestamp="20221202 18:47:15.596" level="INFO">head pruned</msg>
<msg timestamp="20221202 18:47:15.596" level="INFO">OS/2 Unicode ranges pruned: [0]</msg>
<msg timestamp="20221202 18:47:15.597" level="INFO">glyf pruned</msg>
<msg timestamp="20221202 18:47:15.622" level="INFO">maxp pruned</msg>
<msg timestamp="20221202 18:47:15.622" level="INFO">cmap pruned</msg>
<msg timestamp="20221202 18:47:15.623" level="INFO">post pruned</msg>
<msg timestamp="20221202 18:47:15.623" level="INFO">GDEF dropped</msg>
<msg timestamp="20221202 18:47:15.623" level="INFO">GPOS dropped</msg>
<msg timestamp="20221202 18:47:15.623" level="INFO">GSUB dropped</msg>
<msg timestamp="20221202 18:47:15.624" level="INFO">name pruned</msg>
<msg timestamp="20221202 18:47:15.630" level="INFO">glyf pruned</msg>
<msg timestamp="20221202 18:47:15.634" level="INFO">Added gid0 to subset</msg>
<msg timestamp="20221202 18:47:15.635" level="INFO">Added first four glyphs to subset</msg>
<msg timestamp="20221202 18:47:15.635" level="INFO">Closing glyph list over 'glyf': 18 glyphs before</msg>
<msg timestamp="20221202 18:47:15.635" level="INFO">Glyph names: ['.notdef', '.null', 'uni0020', 'uni0030', 'uni0031', 'uni0032', 'uni0033', 'uni0034', 'uni0035', 'uni0036', 'uni0037', 'uni0038', 'uni0039', 'uni0062', 'uni006E', 'uni007B', 'uni007D', 'uni00A0']</msg>
<msg timestamp="20221202 18:47:15.636" level="INFO">Glyph IDs:   [0, 1, 2, 3, 544, 727, 1256, 1257, 1258, 1260, 1261, 1262, 1264, 1265, 1266, 1267, 1307, 1308]</msg>
<msg timestamp="20221202 18:47:15.636" level="INFO">Closed glyph list over 'glyf': 18 glyphs after</msg>
<msg timestamp="20221202 18:47:15.636" level="INFO">Glyph names: ['.notdef', '.null', 'uni0020', 'uni0030', 'uni0031', 'uni0032', 'uni0033', 'uni0034', 'uni0035', 'uni0036', 'uni0037', 'uni0038', 'uni0039', 'uni0062', 'uni006E', 'uni007B', 'uni007D', 'uni00A0']</msg>
<msg timestamp="20221202 18:47:15.637" level="INFO">Glyph IDs:   [0, 1, 2, 3, 544, 727, 1256, 1257, 1258, 1260, 1261, 1262, 1264, 1265, 1266, 1267, 1307, 1308]</msg>
<msg timestamp="20221202 18:47:15.637" level="INFO">Retaining 18 glyphs</msg>
<msg timestamp="20221202 18:47:15.638" level="INFO">head subsetting not needed</msg>
<msg timestamp="20221202 18:47:15.638" level="INFO">hhea subsetting not needed</msg>
<msg timestamp="20221202 18:47:15.638" level="INFO">maxp subsetting not needed</msg>
<msg timestamp="20221202 18:47:15.639" level="INFO">OS/2 subsetting not needed</msg>
<msg timestamp="20221202 18:47:15.640" level="INFO">hmtx subsetted</msg>
<msg timestamp="20221202 18:47:15.641" level="INFO">cmap subsetted</msg>
<msg timestamp="20221202 18:47:15.642" level="INFO">loca subsetting not needed</msg>
<msg timestamp="20221202 18:47:15.642" level="INFO">post subsetted</msg>
<msg timestamp="20221202 18:47:15.642" level="INFO">name subsetting not needed</msg>
<msg timestamp="20221202 18:47:15.643" level="INFO">glyf subsetted</msg>
<msg timestamp="20221202 18:47:15.644" level="INFO">head pruned</msg>
<msg timestamp="20221202 18:47:15.644" level="INFO">OS/2 Unicode ranges pruned: [0]</msg>
<msg timestamp="20221202 18:47:15.645" level="INFO">glyf pruned</msg>
<status status="PASS" starttime="20221202 18:47:15.240" endtime="20221202 18:47:15.665"/>
</kw>
<return>
<value>${OUTPUT_DIR}${/}orders${/}order_${order_number}.pdf</value>
<status status="PASS" starttime="20221202 18:47:15.666" endtime="20221202 18:47:15.666"/>
</return>
<msg timestamp="20221202 18:47:15.668" level="INFO">${pdf} = D:\ROBOCORP\certificacion-2\orders\order_3.pdf</msg>
<status status="PASS" starttime="20221202 18:47:15.219" endtime="20221202 18:47:15.668"/>
</kw>
<kw name="Take a screenshot of the robot">
<var>${screenshot}</var>
<arg>${row}[Order number]</arg>
<kw name="Wait Until Element Is Visible" library="RPA.Browser.Selenium">
<arg>id:robot-preview-image</arg>
<doc>Waits until the element ``locator`` is visible.</doc>
<status status="PASS" starttime="20221202 18:47:15.670" endtime="20221202 18:47:15.679"/>
</kw>
<kw name="Capture Element Screenshot" library="RPA.Browser.Selenium">
<arg>id:robot-preview-image</arg>
<arg>${OUTPUT_DIR}${/}orders${/}screenshot_${order_number}.png</arg>
<doc>Captures a screenshot from the element identified by ``locator`` and embeds it into log file.</doc>
<msg timestamp="20221202 18:47:15.745" level="INFO" html="true">&lt;/td&gt;&lt;/tr&gt;&lt;tr&gt;&lt;td colspan="3"&gt;&lt;a href="orders/screenshot_3.png"&gt;&lt;img src="orders/screenshot_3.png" width="400px"&gt;&lt;/a&gt;</msg>
<status status="PASS" starttime="20221202 18:47:15.680" endtime="20221202 18:47:15.746"/>
</kw>
<return>
<value>${OUTPUT_DIR}${/}orders${/}screenshot_${order_number}.png</value>
<status status="PASS" starttime="20221202 18:47:15.746" endtime="20221202 18:47:15.747"/>
</return>
<msg timestamp="20221202 18:47:15.748" level="INFO">${screenshot} = D:\ROBOCORP\certificacion-2\orders\screenshot_3.png</msg>
<status status="PASS" starttime="20221202 18:47:15.668" endtime="20221202 18:47:15.748"/>
</kw>
<kw name="Embed the robot screenshot to the receipt PDF file">
<arg>${screenshot}</arg>
<arg>${pdf}</arg>
<kw name="Create List" library="BuiltIn">
<var>${files}</var>
<arg>${pdf}</arg>
<arg>${screenshot}</arg>
<doc>Returns a list containing given items.</doc>
<msg timestamp="20221202 18:47:15.751" level="INFO">${files} = ['D:\\ROBOCORP\\certificacion-2\\orders\\order_3.pdf', 'D:\\ROBOCORP\\certificacion-2\\orders\\screenshot_3.png']</msg>
<status status="PASS" starttime="20221202 18:47:15.750" endtime="20221202 18:47:15.751"/>
</kw>
<kw name="Add Files To Pdf" library="RPA.PDF">
<arg>${files}</arg>
<arg>${pdf}</arg>
<doc>Add images and/or pdfs to new PDF document</doc>
<msg timestamp="20221202 18:47:15.757" level="INFO">File D:\ROBOCORP\certificacion-2\orders\order_3.pdf type: None</msg>
<msg timestamp="20221202 18:47:15.761" level="INFO">File D:\ROBOCORP\certificacion-2\orders\screenshot_3.png type: png</msg>
<msg timestamp="20221202 18:47:15.762" level="INFO">Image parameters: {}</msg>
<status status="PASS" starttime="20221202 18:47:15.752" endtime="20221202 18:47:16.517"/>
</kw>
<status status="PASS" starttime="20221202 18:47:15.749" endtime="20221202 18:47:16.518"/>
</kw>
<kw name="Go to order another robot">
<kw name="Click Button" library="RPA.Browser.Selenium">
<arg>id:order-another</arg>
<doc>Clicks the button identified by ``locator``.</doc>
<msg timestamp="20221202 18:47:16.520" level="INFO">Clicking button 'id:order-another'.</msg>
<status status="PASS" starttime="20221202 18:47:16.519" endtime="20221202 18:47:16.594"/>
</kw>
<status status="PASS" starttime="20221202 18:47:16.518" endtime="20221202 18:47:16.595"/>
</kw>
<status status="PASS" starttime="20221202 18:47:14.955" endtime="20221202 18:47:16.596"/>
</iter>
<iter>
<var name="${row}">{'Order number': '4', 'Head': '2', 'Body': '3', 'Legs': '2', 'Address': 'Address 1'}</var>
<kw name="Close the annoying modal">
<kw name="Click Button" library="RPA.Browser.Selenium">
<arg>css:.btn-dark</arg>
<doc>Clicks the button identified by ``locator``.</doc>
<msg timestamp="20221202 18:47:16.599" level="INFO">Clicking button 'css:.btn-dark'.</msg>
<status status="PASS" starttime="20221202 18:47:16.598" endtime="20221202 18:47:16.628"/>
</kw>
<status status="PASS" starttime="20221202 18:47:16.597" endtime="20221202 18:47:16.629"/>
</kw>
<kw name="Fill the form">
<arg>${row}</arg>
<kw name="Select From List By Value" library="RPA.Browser.Selenium">
<arg>head</arg>
<arg>${order}[Head]</arg>
<doc>Selects options from selection list ``locator`` by ``values``.</doc>
<msg timestamp="20221202 18:47:16.631" level="INFO">Selecting options from selection list 'head' by value 2.</msg>
<status status="PASS" starttime="20221202 18:47:16.631" endtime="20221202 18:47:16.667"/>
</kw>
<kw name="Select Radio Button" library="RPA.Browser.Selenium">
<arg>body</arg>
<arg>${order}[Body]</arg>
<doc>Sets the radio button group ``group_name`` to ``value``.</doc>
<msg timestamp="20221202 18:47:16.668" level="INFO">Selecting '3' from radio button 'body'.</msg>
<status status="PASS" starttime="20221202 18:47:16.667" endtime="20221202 18:47:16.698"/>
</kw>
<kw name="Input Text" library="RPA.Browser.Selenium">
<arg>xpath://html/body/div/div/div[1]/div/div[1]/form/div[3]/input</arg>
<arg>${order}[Legs]</arg>
<doc>Types the given ``text`` into the text field identified by ``locator``.</doc>
<msg timestamp="20221202 18:47:16.700" level="INFO">Typing text '2' into text field 'xpath://html/body/div/div/div[1]/div/div[1]/form/div[3]/input'.</msg>
<status status="PASS" starttime="20221202 18:47:16.699" endtime="20221202 18:47:16.737"/>
</kw>
<kw name="Input Text" library="RPA.Browser.Selenium">
<arg>address</arg>
<arg>${order}[Address]</arg>
<doc>Types the given ``text`` into the text field identified by ``locator``.</doc>
<msg timestamp="20221202 18:47:16.739" level="INFO">Typing text 'Address 1' into text field 'address'.</msg>
<status status="PASS" starttime="20221202 18:47:16.738" endtime="20221202 18:47:16.789"/>
</kw>
<status status="PASS" starttime="20221202 18:47:16.629" endtime="20221202 18:47:16.789"/>
</kw>
<kw name="Preview the robot">
<kw name="Click Button" library="RPA.Browser.Selenium">
<arg>preview</arg>
<doc>Clicks the button identified by ``locator``.</doc>
<msg timestamp="20221202 18:47:16.791" level="INFO">Clicking button 'preview'.</msg>
<status status="PASS" starttime="20221202 18:47:16.790" endtime="20221202 18:47:16.821"/>
</kw>
<status status="PASS" starttime="20221202 18:47:16.790" endtime="20221202 18:47:16.821"/>
</kw>
<kw name="Submit the order">
<kw name="Click Button" library="RPA.Browser.Selenium">
<arg>id:order</arg>
<doc>Clicks the button identified by ``locator``.</doc>
<msg timestamp="20221202 18:47:16.824" level="INFO">Clicking button 'id:order'.</msg>
<status status="PASS" starttime="20221202 18:47:16.823" endtime="20221202 18:47:16.853"/>
</kw>
<kw name="Does Page Contain Element" library="RPA.Browser.Selenium">
<var>${alert}</var>
<arg>css:.alert-danger</arg>
<doc>Does page contain expected element</doc>
<msg timestamp="20221202 18:47:16.858" level="INFO">Current page contains element 'css:.alert-danger'.</msg>
<msg timestamp="20221202 18:47:16.858" level="INFO">${alert} = True</msg>
<status status="PASS" starttime="20221202 18:47:16.853" endtime="20221202 18:47:16.858"/>
</kw>
<while condition="${alert}">
<iter>
<kw name="Click Button" library="RPA.Browser.Selenium">
<arg>id:order</arg>
<doc>Clicks the button identified by ``locator``.</doc>
<msg timestamp="20221202 18:47:16.861" level="INFO">Clicking button 'id:order'.</msg>
<status status="PASS" starttime="20221202 18:47:16.860" endtime="20221202 18:47:16.896"/>
</kw>
<kw name="Does Page Contain Element" library="RPA.Browser.Selenium">
<var>${alert}</var>
<arg>css:.alert-danger</arg>
<doc>Does page contain expected element</doc>
<msg timestamp="20221202 18:47:16.902" level="INFO">Current page contains element 'css:.alert-danger'.</msg>
<msg timestamp="20221202 18:47:16.902" level="INFO">${alert} = True</msg>
<status status="PASS" starttime="20221202 18:47:16.897" endtime="20221202 18:47:16.902"/>
</kw>
<status status="PASS" starttime="20221202 18:47:16.859" endtime="20221202 18:47:16.903"/>
</iter>
<iter>
<kw name="Click Button" library="RPA.Browser.Selenium">
<arg>id:order</arg>
<doc>Clicks the button identified by ``locator``.</doc>
<msg timestamp="20221202 18:47:16.905" level="INFO">Clicking button 'id:order'.</msg>
<status status="PASS" starttime="20221202 18:47:16.904" endtime="20221202 18:47:16.930"/>
</kw>
<kw name="Does Page Contain Element" library="RPA.Browser.Selenium">
<var>${alert}</var>
<arg>css:.alert-danger</arg>
<doc>Does page contain expected element</doc>
<msg timestamp="20221202 18:47:16.938" level="INFO" html="true">Ran with keyword &lt;b&gt;Page Should Contain Element&lt;/b&gt; which returned error: &lt;i&gt;Page should have contained element 'css:.alert-danger' but did not.&lt;/i&gt;</msg>
<msg timestamp="20221202 18:47:16.939" level="INFO">${alert} = False</msg>
<status status="PASS" starttime="20221202 18:47:16.931" endtime="20221202 18:47:16.939"/>
</kw>
<status status="PASS" starttime="20221202 18:47:16.903" endtime="20221202 18:47:16.939"/>
</iter>
<status status="PASS" starttime="20221202 18:47:16.859" endtime="20221202 18:47:16.940"/>
</while>
<status status="PASS" starttime="20221202 18:47:16.822" endtime="20221202 18:47:16.941"/>
</kw>
<kw name="Store the receipt as a PDF file">
<var>${pdf}</var>
<arg>${row}[Order number]</arg>
<kw name="Wait Until Element Is Visible" library="RPA.Browser.Selenium">
<arg>id:receipt</arg>
<doc>Waits until the element ``locator`` is visible.</doc>
<status status="PASS" starttime="20221202 18:47:16.942" endtime="20221202 18:47:16.953"/>
</kw>
<kw name="Get Element Attribute" library="RPA.Browser.Selenium">
<var>${receipt}</var>
<arg>id:receipt</arg>
<arg>outerHTML</arg>
<doc>Returns the value of ``attribute`` from the element ``locator``.</doc>
[...]
</kw>
<status status="NOT RUN" starttime="20221202 18:47:41.963" endtime="20221202 18:47:41.966"/>
</iter>
<status status="NOT RUN" starttime="20221202 18:47:41.963" endtime="20221202 18:47:41.966"/>
</while>
<status status="PASS" starttime="20221202 18:47:41.920" endtime="20221202 18:47:41.967"/>
</kw>
<kw name="Store the receipt as a PDF file">
<var>${pdf}</var>
<arg>${row}[Order number]</arg>
<kw name="Wait Until Element Is Visible" library="RPA.Browser.Selenium">
<arg>id:receipt</arg>
<doc>Waits until the element ``locator`` is visible.</doc>
<status status="PASS" starttime="20221202 18:47:41.969" endtime="20221202 18:47:41.978"/>
</kw>
<kw name="Get Element Attribute" library="RPA.Browser.Selenium">
<var>${receipt}</var>
<arg>id:receipt</arg>
<arg>outerHTML</arg>
<doc>Returns the value of ``attribute`` from the element ``locator``.</doc>
<msg timestamp="20221202 18:47:41.988" level="INFO">${receipt} = &lt;div id="receipt" class="alert alert-success" role="alert"&gt;&lt;h3&gt;Receipt&lt;/h3&gt;&lt;div&gt;2022-12-02T21:47:41.950Z&lt;/div&gt;&lt;p class="badge badge-success"&gt;RSB-ROBO-ORDER-S2E3GW0S6N&lt;/p&gt;&lt;p&gt;Address H&lt;/p&gt;&lt;div id="parts...</msg>
<status status="PASS" starttime="20221202 18:47:41.979" endtime="20221202 18:47:41.989"/>
</kw>
<kw name="Html To Pdf" library="RPA.PDF">
<arg>${receipt}</arg>
<arg>${OUTPUT_DIR}${/}orders${/}order_${order_number}.pdf</arg>
<doc>Generate a PDF file from HTML content.</doc>
<msg timestamp="20221202 18:47:41.991" level="INFO">Writing output to file D:\ROBOCORP\certificacion-2\orders\order_20.pdf</msg>
<msg timestamp="20221202 18:47:42.201" level="INFO">maxp pruned</msg>
<msg timestamp="20221202 18:47:42.202" level="INFO">cmap pruned</msg>
<msg timestamp="20221202 18:47:42.202" level="INFO">post pruned</msg>
<msg timestamp="20221202 18:47:42.202" level="INFO">GDEF dropped</msg>
<msg timestamp="20221202 18:47:42.203" level="INFO">GPOS dropped</msg>
<msg timestamp="20221202 18:47:42.203" level="INFO">GSUB dropped</msg>
<msg timestamp="20221202 18:47:42.204" level="INFO">name pruned</msg>
<msg timestamp="20221202 18:47:42.211" level="INFO">glyf pruned</msg>
<msg timestamp="20221202 18:47:42.212" level="INFO">Added gid0 to subset</msg>
<msg timestamp="20221202 18:47:42.212" level="INFO">Added first four glyphs to subset</msg>
<msg timestamp="20221202 18:47:42.212" level="INFO">Closing glyph list over 'glyf': 57 glyphs before</msg>
<msg timestamp="20221202 18:47:42.212" level="INFO">Glyph names: ['.notdef', '.null', 'uni0020', 'uni0021', 'uni002D', 'uni002E', 'uni0030', 'uni0031', 'uni0032', 'uni0033', 'uni0034', 'uni0035', 'uni0036', 'uni0037', 'uni0038', 'uni0039', 'uni003A', 'uni0041', 'uni0042', 'uni0044', 'uni0045', 'uni0047', 'uni0048', 'uni004C', 'uni004E', 'uni004F', 'uni0052', 'uni0053', 'uni0054', 'uni0057', 'uni0059', 'uni005A', 'uni0061', 'uni0062', 'uni0063', 'uni0064', 'uni0065', 'uni0066', 'uni0067', 'uni0068', 'uni0069', 'uni006B', 'uni006C', 'uni006D', 'uni006E', 'uni006F', 'uni0070', 'uni0072', 'uni0073', 'uni0074', 'uni0075', 'uni0076', 'uni0077', 'uni0079', 'uni007B', 'uni007D', 'uni00C4']</msg>
<msg timestamp="20221202 18:47:42.214" level="INFO">Glyph IDs:   [0, 1, 2, 3, 65, 84, 95, 141, 161, 280, 299, 320, 382, 395, 409, 456, 469, 493, 504, 575, 582, 594, 612, 645, 650, 660, 679, 715, 723, 752, 759, 775, 827, 837, 867, 884, 899, 932, 936, 950, 1294, 1295, 1296, 1298, 1299, 1300, 1302, 1303, 1304, 1305, 1329, 1345, 1346, 1361, 1404, 1407, 1681]</msg>
<msg timestamp="20221202 18:47:42.214" level="INFO">Closed glyph list over 'glyf': 57 glyphs after</msg>
<msg timestamp="20221202 18:47:42.214" level="INFO">Glyph names: ['.notdef', '.null', 'uni0020', 'uni0021', 'uni002D', 'uni002E', 'uni0030', 'uni0031', 'uni0032', 'uni0033', 'uni0034', 'uni0035', 'uni0036', 'uni0037', 'uni0038', 'uni0039', 'uni003A', 'uni0041', 'uni0042', 'uni0044', 'uni0045', 'uni0047', 'uni0048', 'uni004C', 'uni004E', 'uni004F', 'uni0052', 'uni0053', 'uni0054', 'uni0057', 'uni0059', 'uni005A', 'uni0061', 'uni0062', 'uni0063', 'uni0064', 'uni0065', 'uni0066', 'uni0067', 'uni0068', 'uni0069', 'uni006B', 'uni006C', 'uni006D', 'uni006E', 'uni006F', 'uni0070', 'uni0072', 'uni0073', 'uni0074', 'uni0075', 'uni0076', 'uni0077', 'uni0079', 'uni007B', 'uni007D', 'uni00C4']</msg>
<msg timestamp="20221202 18:47:42.215" level="INFO">Glyph IDs:   [0, 1, 2, 3, 65, 84, 95, 141, 161, 280, 299, 320, 382, 395, 409, 456, 469, 493, 504, 575, 582, 594, 612, 645, 650, 660, 679, 715, 723, 752, 759, 775, 827, 837, 867, 884, 899, 932, 936, 950, 1294, 1295, 1296, 1298, 1299, 1300, 1302, 1303, 1304, 1305, 1329, 1345, 1346, 1361, 1404, 1407, 1681]</msg>
<msg timestamp="20221202 18:47:42.215" level="INFO">Retaining 57 glyphs</msg>
<msg timestamp="20221202 18:47:42.216" level="INFO">head subsetting not needed</msg>
<msg timestamp="20221202 18:47:42.217" level="INFO">hhea subsetting not needed</msg>
<msg timestamp="20221202 18:47:42.217" level="INFO">maxp subsetting not needed</msg>
<msg timestamp="20221202 18:47:42.217" level="INFO">OS/2 subsetting not needed</msg>
<msg timestamp="20221202 18:47:42.220" level="INFO">hmtx subsetted</msg>
<msg timestamp="20221202 18:47:42.222" level="INFO">cmap subsetted</msg>
<msg timestamp="20221202 18:47:42.222" level="INFO">prep subsetting not needed</msg>
<msg timestamp="20221202 18:47:42.223" level="INFO">loca subsetting not needed</msg>
<msg timestamp="20221202 18:47:42.223" level="INFO">post subsetted</msg>
<msg timestamp="20221202 18:47:42.224" level="INFO">gasp subsetting not needed</msg>
<msg timestamp="20221202 18:47:42.224" level="INFO">STAT subsetting not needed</msg>
<msg timestamp="20221202 18:47:42.224" level="INFO">name subsetting not needed</msg>
<msg timestamp="20221202 18:47:42.226" level="INFO">glyf subsetted</msg>
<msg timestamp="20221202 18:47:42.227" level="INFO">head pruned</msg>
<msg timestamp="20221202 18:47:42.228" level="INFO">OS/2 Unicode ranges pruned: [0]</msg>
<msg timestamp="20221202 18:47:42.231" level="INFO">glyf pruned</msg>
<msg timestamp="20221202 18:47:42.276" level="INFO">maxp pruned</msg>
<msg timestamp="20221202 18:47:42.276" level="INFO">cmap pruned</msg>
<msg timestamp="20221202 18:47:42.277" level="INFO">post pruned</msg>
<msg timestamp="20221202 18:47:42.277" level="INFO">GDEF dropped</msg>
<msg timestamp="20221202 18:47:42.277" level="INFO">GPOS dropped</msg>
<msg timestamp="20221202 18:47:42.278" level="INFO">GSUB dropped</msg>
<msg timestamp="20221202 18:47:42.279" level="INFO">name pruned</msg>
<msg timestamp="20221202 18:47:42.285" level="INFO">glyf pruned</msg>
<msg timestamp="20221202 18:47:42.286" level="INFO">Added gid0 to subset</msg>
<msg timestamp="20221202 18:47:42.287" level="INFO">Added first four glyphs to subset</msg>
<msg timestamp="20221202 18:47:42.287" level="INFO">Closing glyph list over 'glyf': 19 glyphs before</msg>
<msg timestamp="20221202 18:47:42.287" level="INFO">Glyph names: ['.notdef', '.null', 'uni0020', 'uni0030', 'uni0031', 'uni0032', 'uni0033', 'uni0034', 'uni0035', 'uni0036', 'uni0037', 'uni0038', 'uni0039', 'uni0041', 'uni0062', 'uni006E', 'uni007B', 'uni007D', 'uni00C4']</msg>
<msg timestamp="20221202 18:47:42.288" level="INFO">Glyph IDs:   [0, 1, 2, 3, 575, 759, 1294, 1295, 1296, 1298, 1299, 1300, 1302, 1303, 1304, 1305, 1345, 1346, 1681]</msg>
<msg timestamp="20221202 18:47:42.289" level="INFO">Closed glyph list over 'glyf': 19 glyphs after</msg>
<msg timestamp="20221202 18:47:42.289" level="INFO">Glyph names: ['.notdef', '.null', 'uni0020', 'uni0030', 'uni0031', 'uni0032', 'uni0033', 'uni0034', 'uni0035', 'uni0036', 'uni0037', 'uni0038', 'uni0039', 'uni0041', 'uni0062', 'uni006E', 'uni007B', 'uni007D', 'uni00C4']</msg>
<msg timestamp="20221202 18:47:42.289" level="INFO">Glyph IDs:   [0, 1, 2, 3, 575, 759, 1294, 1295, 1296, 1298, 1299, 1300, 1302, 1303, 1304, 1305, 1345, 1346, 1681]</msg>
<msg timestamp="20221202 18:47:42.290" level="INFO">Retaining 19 glyphs</msg>
<msg timestamp="20221202 18:47:42.291" level="INFO">head subsetting not needed</msg>
<msg timestamp="20221202 18:47:42.291" level="INFO">hhea subsetting not needed</msg>
<msg timestamp="20221202 18:47:42.291" level="INFO">maxp subsetting not needed</msg>
<msg timestamp="20221202 18:47:42.291" level="INFO">OS/2 subsetting not needed</msg>
<msg timestamp="20221202 18:47:42.293" level="INFO">hmtx subsetted</msg>
<msg timestamp="20221202 18:47:42.295" level="INFO">cmap subsetted</msg>
<msg timestamp="20221202 18:47:42.295" level="INFO">prep subsetting not needed</msg>
<msg timestamp="20221202 18:47:42.295" level="INFO">loca subsetting not needed</msg>
<msg timestamp="20221202 18:47:42.296" level="INFO">post subsetted</msg>
<msg timestamp="20221202 18:47:42.296" level="INFO">gasp subsetting not needed</msg>
<msg timestamp="20221202 18:47:42.297" level="INFO">STAT subsetting not needed</msg>
<msg timestamp="20221202 18:47:42.297" level="INFO">name subsetting not needed</msg>
<msg timestamp="20221202 18:47:42.299" level="INFO">glyf subsetted</msg>
<msg timestamp="20221202 18:47:42.299" level="INFO">head pruned</msg>
<msg timestamp="20221202 18:47:42.300" level="INFO">OS/2 Unicode ranges pruned: [0]</msg>
<msg timestamp="20221202 18:47:42.301" level="INFO">glyf pruned</msg>
<msg timestamp="20221202 18:47:42.329" level="INFO">maxp pruned</msg>
<msg timestamp="20221202 18:47:42.329" level="INFO">cmap pruned</msg>
<msg timestamp="20221202 18:47:42.330" level="INFO">post pruned</msg>
<msg timestamp="20221202 18:47:42.330" level="INFO">GDEF dropped</msg>
<msg timestamp="20221202 18:47:42.330" level="INFO">GPOS dropped</msg>
<msg timestamp="20221202 18:47:42.330" level="INFO">GSUB dropped</msg>
<msg timestamp="20221202 18:47:42.331" level="INFO">name pruned</msg>
<msg timestamp="20221202 18:47:42.338" level="INFO">glyf pruned</msg>
<msg timestamp="20221202 18:47:42.342" level="INFO">Added gid0 to subset</msg>
<msg timestamp="20221202 18:47:42.342" level="INFO">Added first four glyphs to subset</msg>
<msg timestamp="20221202 18:47:42.342" level="INFO">Closing glyph list over 'glyf': 18 glyphs before</msg>
<msg timestamp="20221202 18:47:42.342" level="INFO">Glyph names: ['.notdef', '.null', 'uni0020', 'uni0030', 'uni0031', 'uni0032', 'uni0033', 'uni0034', 'uni0035', 'uni0036', 'uni0037', 'uni0038', 'uni0039', 'uni0062', 'uni006E', 'uni007B', 'uni007D', 'uni00A0']</msg>
<msg timestamp="20221202 18:47:42.343" level="INFO">Glyph IDs:   [0, 1, 2, 3, 544, 727, 1256, 1257, 1258, 1260, 1261, 1262, 1264, 1265, 1266, 1267, 1307, 1308]</msg>
<msg timestamp="20221202 18:47:42.344" level="INFO">Closed glyph list over 'glyf': 18 glyphs after</msg>
<msg timestamp="20221202 18:47:42.344" level="INFO">Glyph names: ['.notdef', '.null', 'uni0020', 'uni0030', 'uni0031', 'uni0032', 'uni0033', 'uni0034', 'uni0035', 'uni0036', 'uni0037', 'uni0038', 'uni0039', 'uni0062', 'uni006E', 'uni007B', 'uni007D', 'uni00A0']</msg>
<msg timestamp="20221202 18:47:42.345" level="INFO">Glyph IDs:   [0, 1, 2, 3, 544, 727, 1256, 1257, 1258, 1260, 1261, 1262, 1264, 1265, 1266, 1267, 1307, 1308]</msg>
<msg timestamp="20221202 18:47:42.345" level="INFO">Retaining 18 glyphs</msg>
<msg timestamp="20221202 18:47:42.346" level="INFO">head subsetting not needed</msg>
<msg timestamp="20221202 18:47:42.346" level="INFO">hhea subsetting not needed</msg>
<msg timestamp="20221202 18:47:42.346" level="INFO">maxp subsetting not needed</msg>
<msg timestamp="20221202 18:47:42.347" level="INFO">OS/2 subsetting not needed</msg>
<msg timestamp="20221202 18:47:42.348" level="INFO">hmtx subsetted</msg>
<msg timestamp="20221202 18:47:42.350" level="INFO">cmap subsetted</msg>
<msg timestamp="20221202 18:47:42.350" level="INFO">loca subsetting not needed</msg>
<msg timestamp="20221202 18:47:42.350" level="INFO">post subsetted</msg>
<msg timestamp="20221202 18:47:42.350" level="INFO">name subsetting not needed</msg>
<msg timestamp="20221202 18:47:42.352" level="INFO">glyf subsetted</msg>
<msg timestamp="20221202 18:47:42.352" level="INFO">head pruned</msg>
<msg timestamp="20221202 18:47:42.353" level="INFO">OS/2 Unicode ranges pruned: [0]</msg>
<msg timestamp="20221202 18:47:42.354" level="INFO">glyf pruned</msg>
<msg timestamp="20221202 18:47:42.379" level="INFO">maxp pruned</msg>
<msg timestamp="20221202 18:47:42.380" level="INFO">cmap pruned</msg>
<msg timestamp="20221202 18:47:42.380" level="INFO">post pruned</msg>
<msg timestamp="20221202 18:47:42.381" level="INFO">GDEF dropped</msg>
<msg timestamp="20221202 18:47:42.381" level="INFO">GPOS dropped</msg>
<msg timestamp="20221202 18:47:42.381" level="INFO">GSUB dropped</msg>
<msg timestamp="20221202 18:47:42.382" level="INFO">name pruned</msg>
<msg timestamp="20221202 18:47:42.389" level="INFO">glyf pruned</msg>
<msg timestamp="20221202 18:47:42.393" level="INFO">Added gid0 to subset</msg>
<msg timestamp="20221202 18:47:42.394" level="INFO">Added first four glyphs to subset</msg>
<msg timestamp="20221202 18:47:42.394" level="INFO">Closing glyph list over 'glyf': 18 glyphs before</msg>
<msg timestamp="20221202 18:47:42.394" level="INFO">Glyph names: ['.notdef', '.null', 'uni0020', 'uni0030', 'uni0031', 'uni0032', 'uni0033', 'uni0034', 'uni0035', 'uni0036', 'uni0037', 'uni0038', 'uni0039', 'uni0062', 'uni006E', 'uni007B', 'uni007D', 'uni00A0']</msg>
<msg timestamp="20221202 18:47:42.395" level="INFO">Glyph IDs:   [0, 1, 2, 3, 544, 727, 1256, 1257, 1258, 1260, 1261, 1262, 1264, 1265, 1266, 1267, 1307, 1308]</msg>
<msg timestamp="20221202 18:47:42.395" level="INFO">Closed glyph list over 'glyf': 18 glyphs after</msg>
<msg timestamp="20221202 18:47:42.395" level="INFO">Glyph names: ['.notdef', '.null', 'uni0020', 'uni0030', 'uni0031', 'uni0032', 'uni0033', 'uni0034', 'uni0035', 'uni0036', 'uni0037', 'uni0038', 'uni0039', 'uni0062', 'uni006E', 'uni007B', 'uni007D', 'uni00A0']</msg>
<msg timestamp="20221202 18:47:42.396" level="INFO">Glyph IDs:   [0, 1, 2, 3, 544, 727, 1256, 1257, 1258, 1260, 1261, 1262, 1264, 1265, 1266, 1267, 1307, 1308]</msg>
<msg timestamp="20221202 18:47:42.396" level="INFO">Retaining 18 glyphs</msg>
<msg timestamp="20221202 18:47:42.397" level="INFO">head subsetting not needed</msg>
<msg timestamp="20221202 18:47:42.397" level="INFO">hhea subsetting not needed</msg>
<msg timestamp="20221202 18:47:42.397" level="INFO">maxp subsetting not needed</msg>
<msg timestamp="20221202 18:47:42.398" level="INFO">OS/2 subsetting not needed</msg>
<msg timestamp="20221202 18:47:42.399" level="INFO">hmtx subsetted</msg>
<msg timestamp="20221202 18:47:42.400" level="INFO">cmap subsetted</msg>
<msg timestamp="20221202 18:47:42.401" level="INFO">loca subsetting not needed</msg>
<msg timestamp="20221202 18:47:42.401" level="INFO">post subsetted</msg>
<msg timestamp="20221202 18:47:42.402" level="INFO">name subsetting not needed</msg>
<msg timestamp="20221202 18:47:42.403" level="INFO">glyf subsetted</msg>
<msg timestamp="20221202 18:47:42.403" level="INFO">head pruned</msg>
<msg timestamp="20221202 18:47:42.404" level="INFO">OS/2 Unicode ranges pruned: [0]</msg>
<msg timestamp="20221202 18:47:42.405" level="INFO">glyf pruned</msg>
<status status="PASS" starttime="20221202 18:47:41.989" endtime="20221202 18:47:42.426"/>
</kw>
<return>
<value>${OUTPUT_DIR}${/}orders${/}order_${order_number}.pdf</value>
<status status="PASS" starttime="20221202 18:47:42.426" endtime="20221202 18:47:42.427"/>
</return>
<msg timestamp="20221202 18:47:42.428" level="INFO">${pdf} = D:\ROBOCORP\certificacion-2\orders\order_20.pdf</msg>
<status status="PASS" starttime="20221202 18:47:41.967" endtime="20221202 18:47:42.429"/>
</kw>
<kw name="Take a screenshot of the robot">
<var>${screenshot}</var>
<arg>${row}[Order number]</arg>
<kw name="Wait Until Element Is Visible" library="RPA.Browser.Selenium">
<arg>id:robot-preview-image</arg>
<doc>Waits until the element ``locator`` is visible.</doc>
<status status="PASS" starttime="20221202 18:47:42.431" endtime="20221202 18:47:42.444"/>
</kw>
<kw name="Capture Element Screenshot" library="RPA.Browser.Selenium">
<arg>id:robot-preview-image</arg>
<arg>${OUTPUT_DIR}${/}orders${/}screenshot_${order_number}.png</arg>
<doc>Captures a screenshot from the element identified by ``locator`` and embeds it into log file.</doc>
<msg timestamp="20221202 18:47:42.519" level="INFO" html="true">&lt;/td&gt;&lt;/tr&gt;&lt;tr&gt;&lt;td colspan="3"&gt;&lt;a href="orders/screenshot_20.png"&gt;&lt;img src="orders/screenshot_20.png" width="400px"&gt;&lt;/a&gt;</msg>
<status status="PASS" starttime="20221202 18:47:42.445" endtime="20221202 18:47:42.520"/>
</kw>
<return>
<value>${OUTPUT_DIR}${/}orders${/}screenshot_${order_number}.png</value>
<status status="PASS" starttime="20221202 18:47:42.520" endtime="20221202 18:47:42.521"/>
</return>
<msg timestamp="20221202 18:47:42.522" level="INFO">${screenshot} = D:\ROBOCORP\certificacion-2\orders\screenshot_20.png</msg>
<status status="PASS" starttime="20221202 18:47:42.429" endtime="20221202 18:47:42.522"/>
</kw>
<kw name="Embed the robot screenshot to the receipt PDF file">
<arg>${screenshot}</arg>
<arg>${pdf}</arg>
<kw name="Create List" library="BuiltIn">
<var>${files}</var>
<arg>${pdf}</arg>
<arg>${screenshot}</arg>
<doc>Returns a list containing given items.</doc>
<msg timestamp="20221202 18:47:42.525" level="INFO">${files} = ['D:\\ROBOCORP\\certificacion-2\\orders\\order_20.pdf', 'D:\\ROBOCORP\\certificacion-2\\orders\\screenshot_20.png']</msg>
<status status="PASS" starttime="20221202 18:47:42.524" endtime="20221202 18:47:42.525"/>
</kw>
<kw name="Add Files To Pdf" library="RPA.PDF">
<arg>${files}</arg>
<arg>${pdf}</arg>
<doc>Add images and/or pdfs to new PDF document</doc>
<msg timestamp="20221202 18:47:42.531" level="INFO">File D:\ROBOCORP\certificacion-2\orders\order_20.pdf type: None</msg>
<msg timestamp="20221202 18:47:42.536" level="INFO">File D:\ROBOCORP\certificacion-2\orders\screenshot_20.png type: png</msg>
<msg timestamp="20221202 18:47:42.536" level="INFO">Image parameters: {}</msg>
<status status="PASS" starttime="20221202 18:47:42.526" endtime="20221202 18:47:43.078"/>
</kw>
<status status="PASS" starttime="20221202 18:47:42.523" endtime="20221202 18:47:43.079"/>
</kw>
<kw name="Go to order another robot">
<kw name="Click Button" library="RPA.Browser.Selenium">
<arg>id:order-another</arg>
<doc>Clicks the button identified by ``locator``.</doc>
<msg timestamp="20221202 18:47:43.081" level="INFO">Clicking button 'id:order-another'.</msg>
<status status="PASS" starttime="20221202 18:47:43.081" endtime="20221202 18:47:43.158"/>
</kw>
<status status="PASS" starttime="20221202 18:47:43.079" endtime="20221202 18:47:43.159"/>
</kw>
<status status="PASS" starttime="20221202 18:47:41.694" endtime="20221202 18:47:43.159"/>
</iter>
<status status="PASS" starttime="20221202 18:47:11.532" endtime="20221202 18:47:43.159"/>
</for>
<kw name="Create a ZIP file of the receipts">
<kw name="Archive Folder With Zip" library="RPA.Archive">
<arg>${OUTPUT_DIR}${/}orders</arg>
<arg>orders.zip</arg>
<arg>include=*.pdf</arg>
<arg>recursive=True</arg>
<doc>Create a zip archive of a folder</doc>
<status status="PASS" starttime="20221202 18:47:43.162" endtime="20221202 18:47:43.238"/>
</kw>
<status status="PASS" starttime="20221202 18:47:43.160" endtime="20221202 18:47:43.239"/>
</kw>
<status status="PASS" starttime="20221202 18:47:00.519" endtime="20221202 18:47:43.240"/>
</test>
<doc>Orders robots from RobotSpareBin Industries Inc.
Saves the order HTML receipt as a PDF file.
Saves the screenshot of the ordered robot.
Embeds the screenshot of the robot to the PDF receipt.
Creates ZIP archive of the receipts and the images.</doc>
<status status="PASS" starttime="20221202 18:46:55.307" endtime="20221202 18:47:43.243"/>
</suite>
<statistics>
<total>
<stat pass="1" fail="0" skip="0">All Tasks</stat>
</total>
<tag>
</tag>
<suite>
<stat pass="1" fail="0" skip="0" id="s1" name="Tasks">Tasks</stat>
</suite>
</statistics>
<errors>
</errors>
</robot>
